2018-11-14 10:31:52,703 INFO 3580 [egg:logger] init all loggers with options: {"dir":"/Users/apple/Documents/practice/egg-project/logs/feb-egg","encoding":"utf8","env":"local","level":"INFO","consoleLevel":"INFO","disableConsoleAfterReady":false,"outputJSON":false,"buffer":true,"appLogName":"feb-egg-web.log","coreLogName":"egg-web.log","agentLogName":"egg-agent.log","errorLogName":"common-error.log","coreLogger":{"consoleLevel":"WARN"},"allowDebugAtProd":false,"type":"application"}
2018-11-14 10:31:52,726 INFO 3580 [egg-schedule]: register schedule /Users/apple/Documents/practice/egg-project/node_modules/egg-logrotator/app/schedule/clean_log.js
2018-11-14 10:31:52,726 INFO 3580 [egg-schedule]: register schedule /Users/apple/Documents/practice/egg-project/node_modules/egg-logrotator/app/schedule/rotate_by_file.js
2018-11-14 10:31:52,727 INFO 3580 [egg-multipart] stream mode enable
2018-11-14 10:31:52,764 INFO 3580 [egg-static] starting static serve /public/ -> /Users/apple/Documents/practice/egg-project/app/public
2018-11-14 10:31:52,766 INFO 3580 [egg-security] use csrf middleware
2018-11-14 10:31:52,767 INFO 3580 [egg-security] use methodnoallow middleware
2018-11-14 10:31:52,767 INFO 3580 [egg-security] use noopen middleware
2018-11-14 10:31:52,767 INFO 3580 [egg-security] use nosniff middleware
2018-11-14 10:31:52,768 INFO 3580 [egg-security] use xssProtection middleware
2018-11-14 10:31:52,768 INFO 3580 [egg-security] use xframe middleware
2018-11-14 10:31:52,768 INFO 3580 [egg-security] use dta middleware
2018-11-14 10:31:52,768 INFO 3580 [egg-security] compose 7 middlewares into one security middleware
2018-11-14 10:31:52,776 INFO 3580 [egg:core] dump config after load, 4ms
2018-11-14 10:31:52,785 INFO 3580 [egg-watcher:application] watcher start success
2018-11-14 10:31:52,797 INFO 3580 [egg:core] dump config after ready, 9ms
2018-11-14 10:47:56,572 INFO 4547 [egg:logger] init all loggers with options: {"dir":"/Users/apple/Documents/practice/egg-project/logs/feb-egg","encoding":"utf8","env":"local","level":"INFO","consoleLevel":"INFO","disableConsoleAfterReady":false,"outputJSON":false,"buffer":true,"appLogName":"feb-egg-web.log","coreLogName":"egg-web.log","agentLogName":"egg-agent.log","errorLogName":"common-error.log","coreLogger":{"consoleLevel":"WARN"},"allowDebugAtProd":false,"type":"application"}
2018-11-14 10:47:56,599 INFO 4547 [egg-schedule]: register schedule /Users/apple/Documents/practice/egg-project/node_modules/egg-logrotator/app/schedule/clean_log.js
2018-11-14 10:47:56,599 INFO 4547 [egg-schedule]: register schedule /Users/apple/Documents/practice/egg-project/node_modules/egg-logrotator/app/schedule/rotate_by_file.js
2018-11-14 10:47:56,599 INFO 4547 [egg-multipart] stream mode enable
2018-11-14 10:47:56,638 INFO 4547 [egg-static] starting static serve /public/ -> /Users/apple/Documents/practice/egg-project/app/public
2018-11-14 10:47:56,641 INFO 4547 [egg-security] use csrf middleware
2018-11-14 10:47:56,641 INFO 4547 [egg-security] use methodnoallow middleware
2018-11-14 10:47:56,641 INFO 4547 [egg-security] use noopen middleware
2018-11-14 10:47:56,642 INFO 4547 [egg-security] use nosniff middleware
2018-11-14 10:47:56,642 INFO 4547 [egg-security] use xssProtection middleware
2018-11-14 10:47:56,643 INFO 4547 [egg-security] use xframe middleware
2018-11-14 10:47:56,643 INFO 4547 [egg-security] use dta middleware
2018-11-14 10:47:56,643 INFO 4547 [egg-security] compose 7 middlewares into one security middleware
2018-11-14 10:47:56,652 INFO 4547 [egg:core] dump config after load, 4ms
2018-11-14 10:47:56,663 INFO 4547 [egg-watcher:application] watcher start success
2018-11-14 10:47:56,674 INFO 4547 [egg:core] dump config after ready, 9ms
