2018-06-12 15:35:54,781 ERROR 4400 [-/127.0.0.1/-/5ms GET /news] nodejs.ReferenceError: /Users/apple/Documents/practice/egg-example/app/view/news/home.ejs:11
    9|     <li class="item">
    10|         <a href="">
 >> 11|             <%-item.title%>
    12|         </a>
    13|     </li>
    14|     <%}%>

item is not defined
    9|     <li class="item">
    10|         <a href="">
 >> 11|             <%-item.title%>
    12|         </a>
    13|     </li>
    14|     <%}%>

item is not defined
    at eval (eval at compile (/Users/apple/Documents/practice/egg-example/node_modules/ejs/lib/ejs.js:618:12), <anonymous>:14:16)
    at returnedFn (/Users/apple/Documents/practice/egg-example/node_modules/ejs/lib/ejs.js:653:17)
    at tryHandleCache (/Users/apple/Documents/practice/egg-example/node_modules/ejs/lib/ejs.js:251:36)
    at Object.exports.renderFile (/Users/apple/Documents/practice/egg-example/node_modules/ejs/lib/ejs.js:482:10)
    at Promise (/Users/apple/Documents/practice/egg-example/node_modules/egg-view-ejs/lib/view.js:16:11)
    at new Promise (<anonymous>)
    at EjsView.[EjsView#_render] (/Users/apple/Documents/practice/egg-example/node_modules/egg-view-ejs/lib/view.js:15:12)
    at EjsView.render (/Users/apple/Documents/practice/egg-example/node_modules/egg-view-ejs/lib/view.js:28:36)
    at ContextView.[contextView#render] (/Users/apple/Documents/practice/egg-example/node_modules/egg-view/lib/context_view.js:70:23)
    at <anonymous>
path: '/Users/apple/Documents/practice/egg-example/app/view/news/home.ejs'
pid: 4400
hostname: localhost

2018-06-12 15:38:18,869 ERROR 4400 [-/127.0.0.1/-/0ms GET /news] nodejs.ReferenceError: /Users/apple/Documents/practice/egg-example/app/view/news/home.ejs:8
    6| <body>
    7| <ul class="news-view view">
 >> 8|     <%for (var i = 0; i < dataList.list.length; i++){ %>
    9|     <li class="item">
    10|         <a href="">
    11|             <%-dataList.list[i].title%>

dataList is not defined
    6| <body>
    7| <ul class="news-view view">
 >> 8|     <%for (var i = 0; i < dataList.list.length; i++){ %>
    9|     <li class="item">
    10|         <a href="">
    11|             <%-dataList.list[i].title%>

dataList is not defined
    at eval (eval at compile (/Users/apple/Documents/practice/egg-example/node_modules/ejs/lib/ejs.js:618:12), <anonymous>:11:27)
    at returnedFn (/Users/apple/Documents/practice/egg-example/node_modules/ejs/lib/ejs.js:653:17)
    at tryHandleCache (/Users/apple/Documents/practice/egg-example/node_modules/ejs/lib/ejs.js:251:36)
    at Object.exports.renderFile (/Users/apple/Documents/practice/egg-example/node_modules/ejs/lib/ejs.js:482:10)
    at Promise (/Users/apple/Documents/practice/egg-example/node_modules/egg-view-ejs/lib/view.js:16:11)
    at new Promise (<anonymous>)
    at EjsView.[EjsView#_render] (/Users/apple/Documents/practice/egg-example/node_modules/egg-view-ejs/lib/view.js:15:12)
    at EjsView.render (/Users/apple/Documents/practice/egg-example/node_modules/egg-view-ejs/lib/view.js:28:36)
    at ContextView.[contextView#render] (/Users/apple/Documents/practice/egg-example/node_modules/egg-view/lib/context_view.js:70:23)
    at <anonymous>
path: '/Users/apple/Documents/practice/egg-example/app/view/news/home.ejs'
pid: 4400
hostname: localhost

2018-06-12 15:38:20,409 ERROR 4400 [-/127.0.0.1/-/1ms GET /news] nodejs.ReferenceError: /Users/apple/Documents/practice/egg-example/app/view/news/home.ejs:8
    6| <body>
    7| <ul class="news-view view">
 >> 8|     <%for (var i = 0; i < dataList.list.length; i++){ %>
    9|     <li class="item">
    10|         <a href="">
    11|             <%-dataList.list[i].title%>

dataList is not defined
    6| <body>
    7| <ul class="news-view view">
 >> 8|     <%for (var i = 0; i < dataList.list.length; i++){ %>
    9|     <li class="item">
    10|         <a href="">
    11|             <%-dataList.list[i].title%>

dataList is not defined
    at eval (eval at compile (/Users/apple/Documents/practice/egg-example/node_modules/ejs/lib/ejs.js:618:12), <anonymous>:11:27)
    at returnedFn (/Users/apple/Documents/practice/egg-example/node_modules/ejs/lib/ejs.js:653:17)
    at tryHandleCache (/Users/apple/Documents/practice/egg-example/node_modules/ejs/lib/ejs.js:251:36)
    at Object.exports.renderFile (/Users/apple/Documents/practice/egg-example/node_modules/ejs/lib/ejs.js:482:10)
    at Promise (/Users/apple/Documents/practice/egg-example/node_modules/egg-view-ejs/lib/view.js:16:11)
    at new Promise (<anonymous>)
    at EjsView.[EjsView#_render] (/Users/apple/Documents/practice/egg-example/node_modules/egg-view-ejs/lib/view.js:15:12)
    at EjsView.render (/Users/apple/Documents/practice/egg-example/node_modules/egg-view-ejs/lib/view.js:28:36)
    at ContextView.[contextView#render] (/Users/apple/Documents/practice/egg-example/node_modules/egg-view/lib/context_view.js:70:23)
    at <anonymous>
path: '/Users/apple/Documents/practice/egg-example/app/view/news/home.ejs'
pid: 4400
hostname: localhost

2018-06-12 17:20:13,844 ERROR 4751 [-/127.0.0.1/-/6ms GET /news] nodejs.ReferenceError: ctx is not defined
    at NewsController.list (/Users/apple/Documents/practice/egg-example/app/controller/news.js:6:22)
    at Object.callFn (/Users/apple/Documents/practice/egg-example/node_modules/egg-core/lib/utils/index.js:36:21)
    at Object.classControllerMiddleware (/Users/apple/Documents/practice/egg-example/node_modules/egg-core/lib/loader/mixin/controller.js:87:20)
    at Object.callFn (/Users/apple/Documents/practice/egg-example/node_modules/egg-core/lib/utils/index.js:36:21)
    at wrappedController (/Users/apple/Documents/practice/egg-example/node_modules/egg-core/lib/utils/router.js:322:18)
    at dispatch (/Users/apple/Documents/practice/egg-example/node_modules/koa-router/node_modules/koa-compose/index.js:44:32)
    at next (/Users/apple/Documents/practice/egg-example/node_modules/koa-router/node_modules/koa-compose/index.js:45:18)
    at /Users/apple/Documents/practice/egg-example/node_modules/koa-router/lib/router.js:346:16
    at dispatch (/Users/apple/Documents/practice/egg-example/node_modules/koa-router/node_modules/koa-compose/index.js:44:32)
    at /Users/apple/Documents/practice/egg-example/node_modules/koa-router/node_modules/koa-compose/index.js:36:12

pid: 4751
hostname: localhost

2018-06-12 17:21:29,441 ERROR 4751 [-/127.0.0.1/-/1ms GET /news] nodejs.ReferenceError: ctx is not defined
    at NewsController.list (/Users/apple/Documents/practice/egg-example/app/controller/news.js:6:22)
    at Object.callFn (/Users/apple/Documents/practice/egg-example/node_modules/egg-core/lib/utils/index.js:36:21)
    at Object.classControllerMiddleware (/Users/apple/Documents/practice/egg-example/node_modules/egg-core/lib/loader/mixin/controller.js:87:20)
    at Object.callFn (/Users/apple/Documents/practice/egg-example/node_modules/egg-core/lib/utils/index.js:36:21)
    at wrappedController (/Users/apple/Documents/practice/egg-example/node_modules/egg-core/lib/utils/router.js:322:18)
    at dispatch (/Users/apple/Documents/practice/egg-example/node_modules/koa-router/node_modules/koa-compose/index.js:44:32)
    at next (/Users/apple/Documents/practice/egg-example/node_modules/koa-router/node_modules/koa-compose/index.js:45:18)
    at /Users/apple/Documents/practice/egg-example/node_modules/koa-router/lib/router.js:346:16
    at dispatch (/Users/apple/Documents/practice/egg-example/node_modules/koa-router/node_modules/koa-compose/index.js:44:32)
    at /Users/apple/Documents/practice/egg-example/node_modules/koa-router/node_modules/koa-compose/index.js:36:12

pid: 4751
hostname: localhost

2018-06-12 17:21:37,734 ERROR 4752 [-/127.0.0.1/-/5031ms GET /news] nodejs.ConnectionTimeoutError: Connect timeout for 5000ms, GET https://hacker-news.firebaseio.com/v0/topstories/json -2 (connected: false, keepalive socket: false, agent status: {"createSocketCount":1,"createSocketErrorCount":0,"closeSocketCount":1,"errorSocketCount":0,"timeoutSocketCount":0,"requestCount":0,"freeSockets":{},"sockets":{},"requests":{}})
headers: {}
headers: {}
    at Timeout._onTimeout (/Users/apple/Documents/practice/egg-example/node_modules/urllib/lib/urllib.js:801:15)
    at ontimeout (timers.js:475:11)
    at tryOnTimeout (timers.js:310:5)
    at Timer.listOnTimeout (timers.js:270:5)
name: 'ConnectionTimeoutError'
requestId: 1
data: undefined
path: '/v0/topstories/json?orderBy=%22%24key%22&startAt=%220%22&endAt=%224%22'
status: -2
headers: {}
res: { status: -2, statusCode: -2, headers: {}, size: 0, aborted: false, rt: 5021, keepAliveSocket: false, data: undefined, requestUrls: [ 'https://hacker-news.firebaseio.com/v0/topstories/json' ], timing: null, remoteAddress: '35.201.97.85', remotePort: '' }
pid: 4752
hostname: localhost

2018-06-19 10:16:40,704 ERROR 906 [-/127.0.0.1/-/5025ms GET /news] nodejs.ConnectionTimeoutError: Connect timeout for 5000ms, GET https://hacker-news.firebaseio.com/v0/topstories/json -2 (connected: false, keepalive socket: false, agent status: {"createSocketCount":1,"createSocketErrorCount":0,"closeSocketCount":1,"errorSocketCount":0,"timeoutSocketCount":0,"requestCount":0,"freeSockets":{},"sockets":{},"requests":{}})
headers: {}
headers: {}
    at Timeout._onTimeout (/Users/apple/Documents/practice/egg-project/node_modules/urllib/lib/urllib.js:801:15)
    at ontimeout (timers.js:475:11)
    at tryOnTimeout (timers.js:310:5)
    at Timer.listOnTimeout (timers.js:270:5)
name: 'ConnectionTimeoutError'
requestId: 1
data: undefined
path: '/v0/topstories/json?orderBy=%22%24key%22&startAt=%220%22&endAt=%224%22'
status: -2
headers: {}
res: { status: -2, statusCode: -2, headers: {}, size: 0, aborted: false, rt: 5020, keepAliveSocket: false, data: undefined, requestUrls: [ 'https://hacker-news.firebaseio.com/v0/topstories/json' ], timing: null, remoteAddress: '35.201.97.85', remotePort: '' }
pid: 906
hostname: localhost

2018-08-06 10:44:15,621 ERROR 1159 [-/::1/-/2ms GET /news] nodejs.ReferenceError: ctx is not defined
    at NewsController.list (/Users/apple/Documents/practice/egg-project/app/controller/news.js:11:5)
    at Object.callFn (/Users/apple/Documents/practice/egg-project/node_modules/egg-core/lib/utils/index.js:36:21)
    at Object.classControllerMiddleware (/Users/apple/Documents/practice/egg-project/node_modules/egg-core/lib/loader/mixin/controller.js:87:20)
    at Object.callFn (/Users/apple/Documents/practice/egg-project/node_modules/egg-core/lib/utils/index.js:36:21)
    at wrappedController (/Users/apple/Documents/practice/egg-project/node_modules/egg-core/lib/utils/router.js:322:18)
    at dispatch (/Users/apple/Documents/practice/egg-project/node_modules/koa-router/node_modules/koa-compose/index.js:44:32)
    at next (/Users/apple/Documents/practice/egg-project/node_modules/koa-router/node_modules/koa-compose/index.js:45:18)
    at /Users/apple/Documents/practice/egg-project/node_modules/koa-router/lib/router.js:346:16
    at dispatch (/Users/apple/Documents/practice/egg-project/node_modules/koa-router/node_modules/koa-compose/index.js:44:32)
    at /Users/apple/Documents/practice/egg-project/node_modules/koa-router/node_modules/koa-compose/index.js:36:12

pid: 1159
hostname: localhost

2018-08-06 10:55:14,618 ERROR 1181 [-/::1/-/7ms GET /news] nodejs.TypeError: Cannot read property 'news' of undefined
    at NewsController.list (/Users/apple/Documents/practice/egg-project/app/controller/news.js:6:44)
    at Object.callFn (/Users/apple/Documents/practice/egg-project/node_modules/egg-core/lib/utils/index.js:36:21)
    at Object.classControllerMiddleware (/Users/apple/Documents/practice/egg-project/node_modules/egg-core/lib/loader/mixin/controller.js:87:20)
    at Object.callFn (/Users/apple/Documents/practice/egg-project/node_modules/egg-core/lib/utils/index.js:36:21)
    at wrappedController (/Users/apple/Documents/practice/egg-project/node_modules/egg-core/lib/utils/router.js:322:18)
    at dispatch (/Users/apple/Documents/practice/egg-project/node_modules/koa-router/node_modules/koa-compose/index.js:44:32)
    at next (/Users/apple/Documents/practice/egg-project/node_modules/koa-router/node_modules/koa-compose/index.js:45:18)
    at /Users/apple/Documents/practice/egg-project/node_modules/koa-router/lib/router.js:346:16
    at dispatch (/Users/apple/Documents/practice/egg-project/node_modules/koa-router/node_modules/koa-compose/index.js:44:32)
    at /Users/apple/Documents/practice/egg-project/node_modules/koa-router/node_modules/koa-compose/index.js:36:12

pid: 1181
hostname: localhost

2018-08-06 10:59:05,528 ERROR 1192 [-/::1/-/6ms GET /news] nodejs.TypeError: Cannot read property 'news' of undefined
    at NewsController.list (/Users/apple/Documents/practice/egg-project/app/controller/news.js:6:44)
    at Object.callFn (/Users/apple/Documents/practice/egg-project/node_modules/egg-core/lib/utils/index.js:36:21)
    at Object.classControllerMiddleware (/Users/apple/Documents/practice/egg-project/node_modules/egg-core/lib/loader/mixin/controller.js:87:20)
    at Object.callFn (/Users/apple/Documents/practice/egg-project/node_modules/egg-core/lib/utils/index.js:36:21)
    at wrappedController (/Users/apple/Documents/practice/egg-project/node_modules/egg-core/lib/utils/router.js:322:18)
    at dispatch (/Users/apple/Documents/practice/egg-project/node_modules/koa-router/node_modules/koa-compose/index.js:44:32)
    at next (/Users/apple/Documents/practice/egg-project/node_modules/koa-router/node_modules/koa-compose/index.js:45:18)
    at /Users/apple/Documents/practice/egg-project/node_modules/koa-router/lib/router.js:346:16
    at dispatch (/Users/apple/Documents/practice/egg-project/node_modules/koa-router/node_modules/koa-compose/index.js:44:32)
    at /Users/apple/Documents/practice/egg-project/node_modules/koa-router/node_modules/koa-compose/index.js:36:12

pid: 1192
hostname: localhost

2018-08-06 10:59:07,621 ERROR 1192 [-/::1/-/0ms GET /news] nodejs.TypeError: Cannot read property 'news' of undefined
    at NewsController.list (/Users/apple/Documents/practice/egg-project/app/controller/news.js:6:44)
    at Object.callFn (/Users/apple/Documents/practice/egg-project/node_modules/egg-core/lib/utils/index.js:36:21)
    at Object.classControllerMiddleware (/Users/apple/Documents/practice/egg-project/node_modules/egg-core/lib/loader/mixin/controller.js:87:20)
    at Object.callFn (/Users/apple/Documents/practice/egg-project/node_modules/egg-core/lib/utils/index.js:36:21)
    at wrappedController (/Users/apple/Documents/practice/egg-project/node_modules/egg-core/lib/utils/router.js:322:18)
    at dispatch (/Users/apple/Documents/practice/egg-project/node_modules/koa-router/node_modules/koa-compose/index.js:44:32)
    at next (/Users/apple/Documents/practice/egg-project/node_modules/koa-router/node_modules/koa-compose/index.js:45:18)
    at /Users/apple/Documents/practice/egg-project/node_modules/koa-router/lib/router.js:346:16
    at dispatch (/Users/apple/Documents/practice/egg-project/node_modules/koa-router/node_modules/koa-compose/index.js:44:32)
    at /Users/apple/Documents/practice/egg-project/node_modules/koa-router/node_modules/koa-compose/index.js:36:12

pid: 1192
hostname: localhost

2018-08-06 11:00:11,605 ERROR 1198 [-/::1/-/6ms GET /news] nodejs.TypeError: Cannot read property 'news' of undefined
    at NewsController.list (/Users/apple/Documents/practice/egg-project/app/controller/news.js:6:44)
    at Object.callFn (/Users/apple/Documents/practice/egg-project/node_modules/egg-core/lib/utils/index.js:36:21)
    at Object.classControllerMiddleware (/Users/apple/Documents/practice/egg-project/node_modules/egg-core/lib/loader/mixin/controller.js:87:20)
    at Object.callFn (/Users/apple/Documents/practice/egg-project/node_modules/egg-core/lib/utils/index.js:36:21)
    at wrappedController (/Users/apple/Documents/practice/egg-project/node_modules/egg-core/lib/utils/router.js:322:18)
    at dispatch (/Users/apple/Documents/practice/egg-project/node_modules/koa-router/node_modules/koa-compose/index.js:44:32)
    at next (/Users/apple/Documents/practice/egg-project/node_modules/koa-router/node_modules/koa-compose/index.js:45:18)
    at /Users/apple/Documents/practice/egg-project/node_modules/koa-router/lib/router.js:346:16
    at dispatch (/Users/apple/Documents/practice/egg-project/node_modules/koa-router/node_modules/koa-compose/index.js:44:32)
    at /Users/apple/Documents/practice/egg-project/node_modules/koa-router/node_modules/koa-compose/index.js:36:12

pid: 1198
hostname: localhost

2018-08-06 11:00:35,046 ERROR 1205 [-/::1/-/9ms GET /news] nodejs.TypeError: Cannot read property 'news' of undefined
    at NewsController.list (/Users/apple/Documents/practice/egg-project/app/controller/news.js:6:44)
    at Object.callFn (/Users/apple/Documents/practice/egg-project/node_modules/egg-core/lib/utils/index.js:36:21)
    at Object.classControllerMiddleware (/Users/apple/Documents/practice/egg-project/node_modules/egg-core/lib/loader/mixin/controller.js:87:20)
    at Object.callFn (/Users/apple/Documents/practice/egg-project/node_modules/egg-core/lib/utils/index.js:36:21)
    at wrappedController (/Users/apple/Documents/practice/egg-project/node_modules/egg-core/lib/utils/router.js:322:18)
    at dispatch (/Users/apple/Documents/practice/egg-project/node_modules/koa-router/node_modules/koa-compose/index.js:44:32)
    at next (/Users/apple/Documents/practice/egg-project/node_modules/koa-router/node_modules/koa-compose/index.js:45:18)
    at /Users/apple/Documents/practice/egg-project/node_modules/koa-router/lib/router.js:346:16
    at dispatch (/Users/apple/Documents/practice/egg-project/node_modules/koa-router/node_modules/koa-compose/index.js:44:32)
    at /Users/apple/Documents/practice/egg-project/node_modules/koa-router/node_modules/koa-compose/index.js:36:12

pid: 1205
hostname: localhost

2018-08-06 11:01:32,611 ERROR 1213 [-/::1/-/5032ms GET /news] nodejs.ConnectionTimeoutError: Connect timeout for 5000ms, GET https://hacker-news.firebaseio.com/v0/topstories/json -2 (connected: false, keepalive socket: false, agent status: {"createSocketCount":1,"createSocketErrorCount":0,"closeSocketCount":1,"errorSocketCount":0,"timeoutSocketCount":0,"requestCount":0,"freeSockets":{},"sockets":{},"requests":{}})
headers: {}
headers: {}
    at Timeout._onTimeout (/Users/apple/Documents/practice/egg-project/node_modules/urllib/lib/urllib.js:801:15)
    at ontimeout (timers.js:475:11)
    at tryOnTimeout (timers.js:310:5)
    at Timer.listOnTimeout (timers.js:270:5)
name: 'ConnectionTimeoutError'
requestId: 1
data: undefined
path: '/v0/topstories/json?orderBy=%22%24key%22&startAt=%220%22&endAt=%224%22'
status: -2
headers: {}
res: { status: -2, statusCode: -2, headers: {}, size: 0, aborted: false, rt: 5021, keepAliveSocket: false, data: undefined, requestUrls: [ 'https://hacker-news.firebaseio.com/v0/topstories/json' ], timing: null, remoteAddress: '35.201.97.85', remotePort: '' }
pid: 1213
hostname: localhost

2018-08-06 11:04:08,158 ERROR 1213 [-/::1/-/5004ms GET /news] nodejs.ConnectionTimeoutError: Connect timeout for 5000ms, GET https://hacker-news.firebaseio.com/v0/topstories/json -2 (connected: false, keepalive socket: false, agent status: {"createSocketCount":2,"createSocketErrorCount":0,"closeSocketCount":2,"errorSocketCount":0,"timeoutSocketCount":0,"requestCount":0,"freeSockets":{},"sockets":{},"requests":{}})
headers: {}
headers: {}
    at Timeout._onTimeout (/Users/apple/Documents/practice/egg-project/node_modules/urllib/lib/urllib.js:801:15)
    at ontimeout (timers.js:475:11)
    at tryOnTimeout (timers.js:310:5)
    at Timer.listOnTimeout (timers.js:270:5)
name: 'ConnectionTimeoutError'
requestId: 2
data: undefined
path: '/v0/topstories/json?orderBy=%22%24key%22&startAt=%220%22&endAt=%224%22'
status: -2
headers: {}
res: { status: -2, statusCode: -2, headers: {}, size: 0, aborted: false, rt: 5003, keepAliveSocket: false, data: undefined, requestUrls: [ 'https://hacker-news.firebaseio.com/v0/topstories/json' ], timing: null, remoteAddress: '35.201.97.85', remotePort: '' }
pid: 1213
hostname: localhost

2018-08-06 11:04:59,135 ERROR 1222 [-/::1/-/5030ms GET /news] nodejs.ConnectionTimeoutError: Connect timeout for 5000ms, GET https://hacker-news.firebaseio.com/v0/topstories.json -2 (connected: false, keepalive socket: false, agent status: {"createSocketCount":1,"createSocketErrorCount":0,"closeSocketCount":1,"errorSocketCount":0,"timeoutSocketCount":0,"requestCount":0,"freeSockets":{},"sockets":{},"requests":{}})
headers: {}
headers: {}
    at Timeout._onTimeout (/Users/apple/Documents/practice/egg-project/node_modules/urllib/lib/urllib.js:801:15)
    at ontimeout (timers.js:475:11)
    at tryOnTimeout (timers.js:310:5)
    at Timer.listOnTimeout (timers.js:270:5)
name: 'ConnectionTimeoutError'
requestId: 1
data: undefined
path: '/v0/topstories.json?orderBy=%22%24key%22&startAt=%220%22&endAt=%224%22'
status: -2
headers: {}
res: { status: -2, statusCode: -2, headers: {}, size: 0, aborted: false, rt: 5020, keepAliveSocket: false, data: undefined, requestUrls: [ 'https://hacker-news.firebaseio.com/v0/topstories.json' ], timing: null, remoteAddress: '35.201.97.85', remotePort: '' }
pid: 1222
hostname: localhost

2018-08-06 11:05:28,277 ERROR 1222 [-/::1/-/5006ms GET /news] nodejs.ConnectionTimeoutError: Connect timeout for 5000ms, GET https://hacker-news.firebaseio.com/v0/topstories.json -2 (connected: false, keepalive socket: false, agent status: {"createSocketCount":2,"createSocketErrorCount":0,"closeSocketCount":2,"errorSocketCount":0,"timeoutSocketCount":0,"requestCount":0,"freeSockets":{},"sockets":{},"requests":{}})
headers: {}
headers: {}
    at Timeout._onTimeout (/Users/apple/Documents/practice/egg-project/node_modules/urllib/lib/urllib.js:801:15)
    at ontimeout (timers.js:475:11)
    at tryOnTimeout (timers.js:310:5)
    at Timer.listOnTimeout (timers.js:270:5)
name: 'ConnectionTimeoutError'
requestId: 2
data: undefined
path: '/v0/topstories.json?orderBy=%22%24key%22&startAt=%220%22&endAt=%224%22'
status: -2
headers: {}
res: { status: -2, statusCode: -2, headers: {}, size: 0, aborted: false, rt: 5004, keepAliveSocket: false, data: undefined, requestUrls: [ 'https://hacker-news.firebaseio.com/v0/topstories.json' ], timing: null, remoteAddress: '35.201.97.85', remotePort: '' }
pid: 1222
hostname: localhost

2018-08-06 11:06:19,447 ERROR 1227 [-/::1/-/5031ms GET /news] nodejs.ConnectionTimeoutError: Connect timeout for 5000ms, GET https://hacker-news.firebaseio.com/v0/topstories.json -2 (connected: false, keepalive socket: false, agent status: {"createSocketCount":1,"createSocketErrorCount":0,"closeSocketCount":1,"errorSocketCount":0,"timeoutSocketCount":0,"requestCount":0,"freeSockets":{},"sockets":{},"requests":{}})
headers: {}
headers: {}
    at Timeout._onTimeout (/Users/apple/Documents/practice/egg-project/node_modules/urllib/lib/urllib.js:801:15)
    at ontimeout (timers.js:475:11)
    at tryOnTimeout (timers.js:310:5)
    at Timer.listOnTimeout (timers.js:270:5)
name: 'ConnectionTimeoutError'
requestId: 1
data: undefined
path: '/v0/topstories.json?orderBy=%22%24key%22&startAt=%220%22&endAt=%224%22'
status: -2
headers: {}
res: { status: -2, statusCode: -2, headers: {}, size: 0, aborted: false, rt: 5020, keepAliveSocket: false, data: undefined, requestUrls: [ 'https://hacker-news.firebaseio.com/v0/topstories.json' ], timing: null, remoteAddress: '35.201.97.85', remotePort: '' }
pid: 1227
hostname: localhost

2018-08-06 11:08:06,339 ERROR 1279 [-/::1/-/5033ms GET /news] nodejs.ConnectionTimeoutError: Connect timeout for 5000ms, GET https://hacker-news.firebaseio.com/v0/topstories.json -2 (connected: false, keepalive socket: false, agent status: {"createSocketCount":1,"createSocketErrorCount":0,"closeSocketCount":1,"errorSocketCount":0,"timeoutSocketCount":0,"requestCount":0,"freeSockets":{},"sockets":{},"requests":{}})
headers: {}
headers: {}
    at Timeout._onTimeout (/Users/apple/Documents/practice/egg-project/node_modules/urllib/lib/urllib.js:801:15)
    at ontimeout (timers.js:475:11)
    at tryOnTimeout (timers.js:310:5)
    at Timer.listOnTimeout (timers.js:270:5)
name: 'ConnectionTimeoutError'
requestId: 1
data: undefined
path: '/v0/topstories.json?orderBy=%22%24key%22&startAt=%220%22&endAt=%224%22'
status: -2
headers: {}
res: { status: -2, statusCode: -2, headers: {}, size: 0, aborted: false, rt: 5021, keepAliveSocket: false, data: undefined, requestUrls: [ 'https://hacker-news.firebaseio.com/v0/topstories.json' ], timing: null, remoteAddress: '35.201.97.85', remotePort: '' }
pid: 1279
hostname: localhost

2018-08-06 11:25:46,005 ERROR 1278 nodejs.ClusterClientNoResponseError: client no response in 199406ms exceeding maxIdleTime 60000ms, maybe the connection is close on other side.
    at Timeout.Leader._heartbeatTimer.setInterval [as _onTimeout] (/Users/apple/Documents/practice/egg-project/node_modules/cluster-client/lib/leader.js:74:23)
    at ontimeout (timers.js:475:11)
    at tryOnTimeout (timers.js:310:5)
    at Timer.listOnTimeout (timers.js:270:5)
name: 'ClusterClientNoResponseError'
pid: 1278
hostname: localhost

2018-08-06 13:10:25,537 ERROR 1278 nodejs.ClusterClientNoResponseError: client no response in 5299723ms exceeding maxIdleTime 60000ms, maybe the connection is close on other side.
    at Timeout.Leader._heartbeatTimer.setInterval [as _onTimeout] (/Users/apple/Documents/practice/egg-project/node_modules/cluster-client/lib/leader.js:74:23)
    at ontimeout (timers.js:475:11)
    at tryOnTimeout (timers.js:310:5)
    at Timer.listOnTimeout (timers.js:270:5)
name: 'ClusterClientNoResponseError'
pid: 1278
hostname: localhost

2018-08-06 13:41:49,789 ERROR 1279 [-/::1/-/5005ms GET /news] nodejs.ConnectionTimeoutError: Connect timeout for 5000ms, GET https://hacker-news.firebaseio.com/v0/topstories.json -2 (connected: false, keepalive socket: false, agent status: {"createSocketCount":2,"createSocketErrorCount":0,"closeSocketCount":2,"errorSocketCount":0,"timeoutSocketCount":0,"requestCount":0,"freeSockets":{},"sockets":{},"requests":{}})
headers: {}
headers: {}
    at Timeout._onTimeout (/Users/apple/Documents/practice/egg-project/node_modules/urllib/lib/urllib.js:801:15)
    at ontimeout (timers.js:475:11)
    at tryOnTimeout (timers.js:310:5)
    at Timer.listOnTimeout (timers.js:270:5)
name: 'ConnectionTimeoutError'
requestId: 2
data: undefined
path: '/v0/topstories.json?orderBy=%22%24key%22&startAt=%220%22&endAt=%224%22'
status: -2
headers: {}
res: { status: -2, statusCode: -2, headers: {}, size: 0, aborted: false, rt: 5004, keepAliveSocket: false, data: undefined, requestUrls: [ 'https://hacker-news.firebaseio.com/v0/topstories.json' ], timing: null, remoteAddress: '35.201.97.85', remotePort: '' }
pid: 1279
hostname: localhost

2018-08-06 16:09:51,957 ERROR 4103 [-/::1/-/5034ms GET /news] nodejs.ConnectionTimeoutError: Connect timeout for 5000ms, GET https://hacker-news.firebaseio.com/v0/topstories.json -2 (connected: false, keepalive socket: false, agent status: {"createSocketCount":1,"createSocketErrorCount":0,"closeSocketCount":1,"errorSocketCount":0,"timeoutSocketCount":0,"requestCount":0,"freeSockets":{},"sockets":{},"requests":{}})
headers: {}
headers: {}
    at Timeout._onTimeout (/Users/apple/Documents/practice/egg-project/node_modules/urllib/lib/urllib.js:801:15)
    at ontimeout (timers.js:475:11)
    at tryOnTimeout (timers.js:310:5)
    at Timer.listOnTimeout (timers.js:270:5)
name: 'ConnectionTimeoutError'
requestId: 1
data: undefined
path: '/v0/topstories.json?orderBy=%22%24key%22&startAt=%220%22&endAt=%224%22'
status: -2
headers: {}
res: { status: -2, statusCode: -2, headers: {}, size: 0, aborted: false, rt: 5023, keepAliveSocket: false, data: undefined, requestUrls: [ 'https://hacker-news.firebaseio.com/v0/topstories.json' ], timing: null, remoteAddress: '35.201.97.85', remotePort: '' }
pid: 4103
hostname: localhost

2018-08-06 18:57:52,802 ERROR 7037 [-/::1/-/6ms GET /news] nodejs.ReferenceError: options is not defined
    at robotMiddleware (/Users/apple/Documents/practice/egg-project/app/middleware/robot.js:4:19)
    at dispatch (/Users/apple/Documents/practice/egg-project/node_modules/koa-compose/index.js:42:32)
    at i18n (/Users/apple/Documents/practice/egg-project/node_modules/egg-i18n/app/middleware/i18n.js:13:12)
    at dispatch (/Users/apple/Documents/practice/egg-project/node_modules/koa-compose/index.js:42:32)
    at dispatch (/Users/apple/Documents/practice/egg-project/node_modules/koa-compose/index.js:42:32)
    at dta (/Users/apple/Documents/practice/egg-project/node_modules/egg-security/lib/middlewares/dta.js:12:12)
    at dispatch (/Users/apple/Documents/practice/egg-project/node_modules/koa-compose/index.js:42:32)
    at xframe (/Users/apple/Documents/practice/egg-project/node_modules/egg-security/lib/middlewares/xframe.js:7:11)
    at dispatch (/Users/apple/Documents/practice/egg-project/node_modules/koa-compose/index.js:42:32)
    at xssProtection (/Users/apple/Documents/practice/egg-project/node_modules/egg-security/lib/middlewares/xssProtection.js:7:11)

pid: 7037
hostname: localhost

