2018-06-12 09:55:11,372 INFO 2494 [egg:logger] init all loggers with options: {"dir":"/Users/apple/Documents/practice/egg-example/logs/egg","encoding":"utf8","env":"local","level":"INFO","consoleLevel":"INFO","disableConsoleAfterReady":false,"outputJSON":false,"buffer":true,"appLogName":"egg-web.log","coreLogName":"egg-web.log","agentLogName":"egg-agent.log","errorLogName":"common-error.log","coreLogger":{"consoleLevel":"WARN"},"allowDebugAtProd":false,"type":"application"}
2018-06-12 09:55:11,411 INFO 2494 [egg-schedule]: register schedule /Users/apple/Documents/practice/egg-example/node_modules/egg-logrotator/app/schedule/clean_log.js
2018-06-12 09:55:11,411 INFO 2494 [egg-schedule]: register schedule /Users/apple/Documents/practice/egg-example/node_modules/egg-logrotator/app/schedule/rotate_by_file.js
2018-06-12 09:55:11,449 INFO 2494 [egg-static] starting static serve /public/ -> /Users/apple/Documents/practice/egg-example/app/public
2018-06-12 09:55:11,452 INFO 2494 [egg-security] use csrf middleware
2018-06-12 09:55:11,453 INFO 2494 [egg-security] use methodnoallow middleware
2018-06-12 09:55:11,453 INFO 2494 [egg-security] use noopen middleware
2018-06-12 09:55:11,453 INFO 2494 [egg-security] use nosniff middleware
2018-06-12 09:55:11,454 INFO 2494 [egg-security] use xssProtection middleware
2018-06-12 09:55:11,454 INFO 2494 [egg-security] use xframe middleware
2018-06-12 09:55:11,454 INFO 2494 [egg-security] use dta middleware
2018-06-12 09:55:11,454 INFO 2494 [egg-security] compose 7 middlewares into one security middleware
2018-06-12 09:55:11,463 INFO 2494 [egg:core] dump config after load, 5ms
2018-06-12 09:55:11,484 INFO 2494 [egg-watcher:app] watcher start success
2018-06-12 09:55:11,488 INFO 2494 [egg:core] dump config after ready, 3ms
2018-06-12 11:30:58,920 INFO 2891 [egg:logger] init all loggers with options: {"dir":"/Users/apple/Documents/practice/egg-example/logs/egg","encoding":"utf8","env":"local","level":"INFO","consoleLevel":"INFO","disableConsoleAfterReady":false,"outputJSON":false,"buffer":true,"appLogName":"egg-web.log","coreLogName":"egg-web.log","agentLogName":"egg-agent.log","errorLogName":"common-error.log","coreLogger":{"consoleLevel":"WARN"},"allowDebugAtProd":false,"type":"application"}
2018-06-12 11:30:58,962 INFO 2891 [egg-schedule]: register schedule /Users/apple/Documents/practice/egg-example/node_modules/egg-logrotator/app/schedule/clean_log.js
2018-06-12 11:30:58,962 INFO 2891 [egg-schedule]: register schedule /Users/apple/Documents/practice/egg-example/node_modules/egg-logrotator/app/schedule/rotate_by_file.js
2018-06-12 11:30:59,010 INFO 2891 [egg-static] starting static serve /public/ -> /Users/apple/Documents/practice/egg-example/app/public
2018-06-12 11:30:59,012 INFO 2891 [egg-security] use csrf middleware
2018-06-12 11:30:59,013 INFO 2891 [egg-security] use methodnoallow middleware
2018-06-12 11:30:59,013 INFO 2891 [egg-security] use noopen middleware
2018-06-12 11:30:59,014 INFO 2891 [egg-security] use nosniff middleware
2018-06-12 11:30:59,014 INFO 2891 [egg-security] use xssProtection middleware
2018-06-12 11:30:59,014 INFO 2891 [egg-security] use xframe middleware
2018-06-12 11:30:59,015 INFO 2891 [egg-security] use dta middleware
2018-06-12 11:30:59,015 INFO 2891 [egg-security] compose 7 middlewares into one security middleware
2018-06-12 11:30:59,023 INFO 2891 [egg:core] dump config after load, 5ms
2018-06-12 11:30:59,039 INFO 2891 [egg-watcher:app] watcher start success
2018-06-12 11:30:59,043 INFO 2891 [egg:core] dump config after ready, 3ms
2018-06-12 11:32:42,114 INFO 2892 [egg:logger] init all loggers with options: {"dir":"/Users/apple/Documents/practice/egg-example/logs/egg","encoding":"utf8","env":"local","level":"INFO","consoleLevel":"INFO","disableConsoleAfterReady":false,"outputJSON":false,"buffer":true,"appLogName":"egg-web.log","coreLogName":"egg-web.log","agentLogName":"egg-agent.log","errorLogName":"common-error.log","coreLogger":{"consoleLevel":"WARN"},"allowDebugAtProd":false,"type":"application"}
2018-06-12 11:32:42,161 INFO 2892 [egg-schedule]: register schedule /Users/apple/Documents/practice/egg-example/node_modules/egg-logrotator/app/schedule/clean_log.js
2018-06-12 11:32:42,161 INFO 2892 [egg-schedule]: register schedule /Users/apple/Documents/practice/egg-example/node_modules/egg-logrotator/app/schedule/rotate_by_file.js
2018-06-12 11:32:42,204 INFO 2892 [egg-static] starting static serve /public/ -> /Users/apple/Documents/practice/egg-example/app/public
2018-06-12 11:32:42,206 INFO 2892 [egg-security] use csrf middleware
2018-06-12 11:32:42,207 INFO 2892 [egg-security] use methodnoallow middleware
2018-06-12 11:32:42,208 INFO 2892 [egg-security] use noopen middleware
2018-06-12 11:32:42,208 INFO 2892 [egg-security] use nosniff middleware
2018-06-12 11:32:42,208 INFO 2892 [egg-security] use xssProtection middleware
2018-06-12 11:32:42,209 INFO 2892 [egg-security] use xframe middleware
2018-06-12 11:32:42,209 INFO 2892 [egg-security] use dta middleware
2018-06-12 11:32:42,209 INFO 2892 [egg-security] compose 7 middlewares into one security middleware
2018-06-12 11:32:42,219 INFO 2892 [egg:core] dump config after load, 6ms
2018-06-12 11:32:42,237 INFO 2892 [egg-watcher:app] watcher start success
2018-06-12 11:32:42,242 INFO 2892 [egg:core] dump config after ready, 4ms
2018-06-12 14:57:10,370 INFO 4039 [egg:logger] init all loggers with options: {"dir":"/Users/apple/Documents/practice/egg-example/logs/egg","encoding":"utf8","env":"local","level":"INFO","consoleLevel":"INFO","disableConsoleAfterReady":false,"outputJSON":false,"buffer":true,"appLogName":"egg-web.log","coreLogName":"egg-web.log","agentLogName":"egg-agent.log","errorLogName":"common-error.log","coreLogger":{"consoleLevel":"WARN"},"allowDebugAtProd":false,"type":"application"}
2018-06-12 14:57:10,420 INFO 4039 [egg-schedule]: register schedule /Users/apple/Documents/practice/egg-example/node_modules/egg-logrotator/app/schedule/clean_log.js
2018-06-12 14:57:10,420 INFO 4039 [egg-schedule]: register schedule /Users/apple/Documents/practice/egg-example/node_modules/egg-logrotator/app/schedule/rotate_by_file.js
2018-06-12 14:57:10,504 INFO 4039 [egg-static] starting static serve /public/ -> /Users/apple/Documents/practice/egg-example/app/public
2018-06-12 14:57:10,507 INFO 4039 [egg-security] use csrf middleware
2018-06-12 14:57:10,508 INFO 4039 [egg-security] use methodnoallow middleware
2018-06-12 14:57:10,509 INFO 4039 [egg-security] use noopen middleware
2018-06-12 14:57:10,510 INFO 4039 [egg-security] use nosniff middleware
2018-06-12 14:57:10,511 INFO 4039 [egg-security] use xssProtection middleware
2018-06-12 14:57:10,511 INFO 4039 [egg-security] use xframe middleware
2018-06-12 14:57:10,512 INFO 4039 [egg-security] use dta middleware
2018-06-12 14:57:10,512 INFO 4039 [egg-security] compose 7 middlewares into one security middleware
2018-06-12 14:57:10,522 INFO 4039 [egg:core] dump config after load, 4ms
2018-06-12 14:57:10,540 INFO 4039 [egg-watcher:app] watcher start success
2018-06-12 14:57:10,545 INFO 4039 [egg:core] dump config after ready, 3ms
2018-06-12 14:57:31,487 INFO 4067 [egg:logger] init all loggers with options: {"dir":"/Users/apple/Documents/practice/egg-example/logs/egg","encoding":"utf8","env":"local","level":"INFO","consoleLevel":"INFO","disableConsoleAfterReady":false,"outputJSON":false,"buffer":true,"appLogName":"egg-web.log","coreLogName":"egg-web.log","agentLogName":"egg-agent.log","errorLogName":"common-error.log","coreLogger":{"consoleLevel":"WARN"},"allowDebugAtProd":false,"type":"application"}
2018-06-12 14:57:31,541 INFO 4067 [egg-schedule]: register schedule /Users/apple/Documents/practice/egg-example/node_modules/egg-logrotator/app/schedule/clean_log.js
2018-06-12 14:57:31,542 INFO 4067 [egg-schedule]: register schedule /Users/apple/Documents/practice/egg-example/node_modules/egg-logrotator/app/schedule/rotate_by_file.js
2018-06-12 14:57:31,591 INFO 4067 [egg-static] starting static serve /public/ -> /Users/apple/Documents/practice/egg-example/app/public
2018-06-12 14:57:31,593 INFO 4067 [egg-security] use csrf middleware
2018-06-12 14:57:31,594 INFO 4067 [egg-security] use methodnoallow middleware
2018-06-12 14:57:31,594 INFO 4067 [egg-security] use noopen middleware
2018-06-12 14:57:31,594 INFO 4067 [egg-security] use nosniff middleware
2018-06-12 14:57:31,595 INFO 4067 [egg-security] use xssProtection middleware
2018-06-12 14:57:31,595 INFO 4067 [egg-security] use xframe middleware
2018-06-12 14:57:31,595 INFO 4067 [egg-security] use dta middleware
2018-06-12 14:57:31,595 INFO 4067 [egg-security] compose 7 middlewares into one security middleware
2018-06-12 14:57:31,603 INFO 4067 [egg:core] dump config after load, 5ms
2018-06-12 14:57:31,621 INFO 4067 [egg-watcher:app] watcher start success
2018-06-12 14:57:31,627 INFO 4067 [egg:core] dump config after ready, 4ms
2018-06-12 15:35:30,195 INFO 4371 [egg:logger] init all loggers with options: {"dir":"/Users/apple/Documents/practice/egg-example/logs/egg","encoding":"utf8","env":"local","level":"INFO","consoleLevel":"INFO","disableConsoleAfterReady":false,"outputJSON":false,"buffer":true,"appLogName":"egg-web.log","coreLogName":"egg-web.log","agentLogName":"egg-agent.log","errorLogName":"common-error.log","coreLogger":{"consoleLevel":"WARN"},"allowDebugAtProd":false,"type":"application"}
2018-06-12 15:35:30,235 INFO 4371 [egg-schedule]: register schedule /Users/apple/Documents/practice/egg-example/node_modules/egg-logrotator/app/schedule/clean_log.js
2018-06-12 15:35:30,235 INFO 4371 [egg-schedule]: register schedule /Users/apple/Documents/practice/egg-example/node_modules/egg-logrotator/app/schedule/rotate_by_file.js
2018-06-12 15:35:30,275 INFO 4371 [egg-static] starting static serve /public/ -> /Users/apple/Documents/practice/egg-example/app/public
2018-06-12 15:35:30,277 INFO 4371 [egg-security] use csrf middleware
2018-06-12 15:35:30,278 INFO 4371 [egg-security] use methodnoallow middleware
2018-06-12 15:35:30,278 INFO 4371 [egg-security] use noopen middleware
2018-06-12 15:35:30,278 INFO 4371 [egg-security] use nosniff middleware
2018-06-12 15:35:30,279 INFO 4371 [egg-security] use xssProtection middleware
2018-06-12 15:35:30,279 INFO 4371 [egg-security] use xframe middleware
2018-06-12 15:35:30,279 INFO 4371 [egg-security] use dta middleware
2018-06-12 15:35:30,279 INFO 4371 [egg-security] compose 7 middlewares into one security middleware
2018-06-12 15:35:30,287 INFO 4371 [egg:core] dump config after load, 4ms
2018-06-12 15:35:30,304 INFO 4371 [egg-watcher:app] watcher start success
2018-06-12 15:35:30,309 INFO 4371 [egg:core] dump config after ready, 3ms
2018-06-12 15:35:39,125 INFO 4400 [egg:logger] init all loggers with options: {"dir":"/Users/apple/Documents/practice/egg-example/logs/egg","encoding":"utf8","env":"local","level":"INFO","consoleLevel":"INFO","disableConsoleAfterReady":false,"outputJSON":false,"buffer":true,"appLogName":"egg-web.log","coreLogName":"egg-web.log","agentLogName":"egg-agent.log","errorLogName":"common-error.log","coreLogger":{"consoleLevel":"WARN"},"allowDebugAtProd":false,"type":"application"}
2018-06-12 15:35:39,166 INFO 4400 [egg-schedule]: register schedule /Users/apple/Documents/practice/egg-example/node_modules/egg-logrotator/app/schedule/clean_log.js
2018-06-12 15:35:39,166 INFO 4400 [egg-schedule]: register schedule /Users/apple/Documents/practice/egg-example/node_modules/egg-logrotator/app/schedule/rotate_by_file.js
2018-06-12 15:35:39,208 INFO 4400 [egg-static] starting static serve /public/ -> /Users/apple/Documents/practice/egg-example/app/public
2018-06-12 15:35:39,210 INFO 4400 [egg-security] use csrf middleware
2018-06-12 15:35:39,211 INFO 4400 [egg-security] use methodnoallow middleware
2018-06-12 15:35:39,211 INFO 4400 [egg-security] use noopen middleware
2018-06-12 15:35:39,211 INFO 4400 [egg-security] use nosniff middleware
2018-06-12 15:35:39,212 INFO 4400 [egg-security] use xssProtection middleware
2018-06-12 15:35:39,212 INFO 4400 [egg-security] use xframe middleware
2018-06-12 15:35:39,212 INFO 4400 [egg-security] use dta middleware
2018-06-12 15:35:39,212 INFO 4400 [egg-security] compose 7 middlewares into one security middleware
2018-06-12 15:35:39,221 INFO 4400 [egg:core] dump config after load, 5ms
2018-06-12 15:35:39,245 INFO 4400 [egg-watcher:app] watcher start success
2018-06-12 15:35:39,249 INFO 4400 [egg:core] dump config after ready, 3ms
2018-06-12 16:14:22,950 INFO 4539 [egg:logger] init all loggers with options: {"dir":"/Users/apple/Documents/practice/egg-example/logs/egg","encoding":"utf8","env":"local","level":"INFO","consoleLevel":"INFO","disableConsoleAfterReady":false,"outputJSON":false,"buffer":true,"appLogName":"egg-web.log","coreLogName":"egg-web.log","agentLogName":"egg-agent.log","errorLogName":"common-error.log","coreLogger":{"consoleLevel":"WARN"},"allowDebugAtProd":false,"type":"application"}
2018-06-12 16:14:23,009 INFO 4539 [egg-schedule]: register schedule /Users/apple/Documents/practice/egg-example/node_modules/egg-logrotator/app/schedule/clean_log.js
2018-06-12 16:14:23,009 INFO 4539 [egg-schedule]: register schedule /Users/apple/Documents/practice/egg-example/node_modules/egg-logrotator/app/schedule/rotate_by_file.js
2018-06-12 16:14:23,084 INFO 4539 [egg-static] starting static serve /public/ -> /Users/apple/Documents/practice/egg-example/app/public
2018-06-12 16:14:23,087 INFO 4539 [egg-security] use csrf middleware
2018-06-12 16:14:23,088 INFO 4539 [egg-security] use methodnoallow middleware
2018-06-12 16:14:23,089 INFO 4539 [egg-security] use noopen middleware
2018-06-12 16:14:23,090 INFO 4539 [egg-security] use nosniff middleware
2018-06-12 16:14:23,090 INFO 4539 [egg-security] use xssProtection middleware
2018-06-12 16:14:23,091 INFO 4539 [egg-security] use xframe middleware
2018-06-12 16:14:23,092 INFO 4539 [egg-security] use dta middleware
2018-06-12 16:14:23,092 INFO 4539 [egg-security] compose 7 middlewares into one security middleware
2018-06-12 16:14:23,103 INFO 4539 [egg:core] dump config after load, 6ms
2018-06-12 16:14:23,116 INFO 4539 [egg-watcher:app] watcher start success
2018-06-12 16:14:23,120 INFO 4539 [egg:core] dump config after ready, 3ms
2018-06-12 16:22:13,126 INFO 4545 [egg:logger] init all loggers with options: {"dir":"/Users/apple/Documents/practice/egg-example/logs/egg","encoding":"utf8","env":"local","level":"INFO","consoleLevel":"INFO","disableConsoleAfterReady":false,"outputJSON":false,"buffer":true,"appLogName":"egg-web.log","coreLogName":"egg-web.log","agentLogName":"egg-agent.log","errorLogName":"common-error.log","coreLogger":{"consoleLevel":"WARN"},"allowDebugAtProd":false,"type":"application"}
2018-06-12 16:22:13,172 INFO 4545 [egg-schedule]: register schedule /Users/apple/Documents/practice/egg-example/node_modules/egg-logrotator/app/schedule/clean_log.js
2018-06-12 16:22:13,172 INFO 4545 [egg-schedule]: register schedule /Users/apple/Documents/practice/egg-example/node_modules/egg-logrotator/app/schedule/rotate_by_file.js
2018-06-12 16:22:13,234 INFO 4545 [egg-static] starting static serve /public/ -> /Users/apple/Documents/practice/egg-example/app/public
2018-06-12 16:22:13,237 INFO 4545 [egg-security] use csrf middleware
2018-06-12 16:22:13,238 INFO 4545 [egg-security] use methodnoallow middleware
2018-06-12 16:22:13,239 INFO 4545 [egg-security] use noopen middleware
2018-06-12 16:22:13,239 INFO 4545 [egg-security] use nosniff middleware
2018-06-12 16:22:13,240 INFO 4545 [egg-security] use xssProtection middleware
2018-06-12 16:22:13,240 INFO 4545 [egg-security] use xframe middleware
2018-06-12 16:22:13,241 INFO 4545 [egg-security] use dta middleware
2018-06-12 16:22:13,241 INFO 4545 [egg-security] compose 7 middlewares into one security middleware
2018-06-12 16:22:13,252 INFO 4545 [egg:core] dump config after load, 6ms
2018-06-12 16:22:13,269 INFO 4545 [egg-watcher:app] watcher start success
2018-06-12 16:22:13,275 INFO 4545 [egg:core] dump config after ready, 4ms
2018-06-12 16:22:22,868 INFO 4546 [egg:logger] init all loggers with options: {"dir":"/Users/apple/Documents/practice/egg-example/logs/egg","encoding":"utf8","env":"local","level":"INFO","consoleLevel":"INFO","disableConsoleAfterReady":false,"outputJSON":false,"buffer":true,"appLogName":"egg-web.log","coreLogName":"egg-web.log","agentLogName":"egg-agent.log","errorLogName":"common-error.log","coreLogger":{"consoleLevel":"WARN"},"allowDebugAtProd":false,"type":"application"}
2018-06-12 16:22:22,914 INFO 4546 [egg-schedule]: register schedule /Users/apple/Documents/practice/egg-example/node_modules/egg-logrotator/app/schedule/clean_log.js
2018-06-12 16:22:22,914 INFO 4546 [egg-schedule]: register schedule /Users/apple/Documents/practice/egg-example/node_modules/egg-logrotator/app/schedule/rotate_by_file.js
2018-06-12 16:22:22,964 INFO 4546 [egg-static] starting static serve /public/ -> /Users/apple/Documents/practice/egg-example/app/public
2018-06-12 16:22:22,967 INFO 4546 [egg-security] use csrf middleware
2018-06-12 16:22:22,968 INFO 4546 [egg-security] use methodnoallow middleware
2018-06-12 16:22:22,968 INFO 4546 [egg-security] use noopen middleware
2018-06-12 16:22:22,968 INFO 4546 [egg-security] use nosniff middleware
2018-06-12 16:22:22,969 INFO 4546 [egg-security] use xssProtection middleware
2018-06-12 16:22:22,969 INFO 4546 [egg-security] use xframe middleware
2018-06-12 16:22:22,969 INFO 4546 [egg-security] use dta middleware
2018-06-12 16:22:22,969 INFO 4546 [egg-security] compose 7 middlewares into one security middleware
2018-06-12 16:22:22,980 INFO 4546 [egg:core] dump config after load, 5ms
2018-06-12 16:22:22,999 INFO 4546 [egg-watcher:app] watcher start success
2018-06-12 16:22:23,004 INFO 4546 [egg:core] dump config after ready, 3ms
2018-06-12 16:22:45,004 INFO 4547 [egg:logger] init all loggers with options: {"dir":"/Users/apple/Documents/practice/egg-example/logs/egg","encoding":"utf8","env":"local","level":"INFO","consoleLevel":"INFO","disableConsoleAfterReady":false,"outputJSON":false,"buffer":true,"appLogName":"egg-web.log","coreLogName":"egg-web.log","agentLogName":"egg-agent.log","errorLogName":"common-error.log","coreLogger":{"consoleLevel":"WARN"},"allowDebugAtProd":false,"type":"application"}
2018-06-12 16:22:45,049 INFO 4547 [egg-schedule]: register schedule /Users/apple/Documents/practice/egg-example/node_modules/egg-logrotator/app/schedule/clean_log.js
2018-06-12 16:22:45,049 INFO 4547 [egg-schedule]: register schedule /Users/apple/Documents/practice/egg-example/node_modules/egg-logrotator/app/schedule/rotate_by_file.js
2018-06-12 16:22:45,094 INFO 4547 [egg-static] starting static serve /public/ -> /Users/apple/Documents/practice/egg-example/app/public
2018-06-12 16:22:45,097 INFO 4547 [egg-security] use csrf middleware
2018-06-12 16:22:45,097 INFO 4547 [egg-security] use methodnoallow middleware
2018-06-12 16:22:45,098 INFO 4547 [egg-security] use noopen middleware
2018-06-12 16:22:45,098 INFO 4547 [egg-security] use nosniff middleware
2018-06-12 16:22:45,099 INFO 4547 [egg-security] use xssProtection middleware
2018-06-12 16:22:45,099 INFO 4547 [egg-security] use xframe middleware
2018-06-12 16:22:45,099 INFO 4547 [egg-security] use dta middleware
2018-06-12 16:22:45,099 INFO 4547 [egg-security] compose 7 middlewares into one security middleware
2018-06-12 16:22:45,109 INFO 4547 [egg:core] dump config after load, 5ms
2018-06-12 16:22:45,127 INFO 4547 [egg-watcher:app] watcher start success
2018-06-12 16:22:45,132 INFO 4547 [egg:core] dump config after ready, 3ms
2018-06-12 16:23:12,251 INFO 4548 [egg:logger] init all loggers with options: {"dir":"/Users/apple/Documents/practice/egg-example/logs/egg","encoding":"utf8","env":"local","level":"INFO","consoleLevel":"INFO","disableConsoleAfterReady":false,"outputJSON":false,"buffer":true,"appLogName":"egg-web.log","coreLogName":"egg-web.log","agentLogName":"egg-agent.log","errorLogName":"common-error.log","coreLogger":{"consoleLevel":"WARN"},"allowDebugAtProd":false,"type":"application"}
2018-06-12 16:23:12,296 INFO 4548 [egg-schedule]: register schedule /Users/apple/Documents/practice/egg-example/node_modules/egg-logrotator/app/schedule/clean_log.js
2018-06-12 16:23:12,296 INFO 4548 [egg-schedule]: register schedule /Users/apple/Documents/practice/egg-example/node_modules/egg-logrotator/app/schedule/rotate_by_file.js
2018-06-12 16:23:12,343 INFO 4548 [egg-static] starting static serve /public/ -> /Users/apple/Documents/practice/egg-example/app/public
2018-06-12 16:23:12,346 INFO 4548 [egg-security] use csrf middleware
2018-06-12 16:23:12,347 INFO 4548 [egg-security] use methodnoallow middleware
2018-06-12 16:23:12,347 INFO 4548 [egg-security] use noopen middleware
2018-06-12 16:23:12,347 INFO 4548 [egg-security] use nosniff middleware
2018-06-12 16:23:12,348 INFO 4548 [egg-security] use xssProtection middleware
2018-06-12 16:23:12,348 INFO 4548 [egg-security] use xframe middleware
2018-06-12 16:23:12,349 INFO 4548 [egg-security] use dta middleware
2018-06-12 16:23:12,349 INFO 4548 [egg-security] compose 7 middlewares into one security middleware
2018-06-12 16:23:12,359 INFO 4548 [egg:core] dump config after load, 6ms
2018-06-12 16:23:12,376 INFO 4548 [egg-watcher:app] watcher start success
2018-06-12 16:23:12,380 INFO 4548 [egg:core] dump config after ready, 2ms
2018-06-12 16:26:44,190 INFO 4552 [egg:logger] init all loggers with options: {"dir":"/Users/apple/Documents/practice/egg-example/logs/egg","encoding":"utf8","env":"local","level":"INFO","consoleLevel":"INFO","disableConsoleAfterReady":false,"outputJSON":false,"buffer":true,"appLogName":"egg-web.log","coreLogName":"egg-web.log","agentLogName":"egg-agent.log","errorLogName":"common-error.log","coreLogger":{"consoleLevel":"WARN"},"allowDebugAtProd":false,"type":"application"}
2018-06-12 16:26:44,240 INFO 4552 [egg-schedule]: register schedule /Users/apple/Documents/practice/egg-example/node_modules/egg-logrotator/app/schedule/clean_log.js
2018-06-12 16:26:44,240 INFO 4552 [egg-schedule]: register schedule /Users/apple/Documents/practice/egg-example/node_modules/egg-logrotator/app/schedule/rotate_by_file.js
2018-06-12 16:26:44,313 INFO 4552 [egg-static] starting static serve /public/ -> /Users/apple/Documents/practice/egg-example/app/public
2018-06-12 16:26:44,316 INFO 4552 [egg-security] use csrf middleware
2018-06-12 16:26:44,317 INFO 4552 [egg-security] use methodnoallow middleware
2018-06-12 16:26:44,318 INFO 4552 [egg-security] use noopen middleware
2018-06-12 16:26:44,318 INFO 4552 [egg-security] use nosniff middleware
2018-06-12 16:26:44,319 INFO 4552 [egg-security] use xssProtection middleware
2018-06-12 16:26:44,320 INFO 4552 [egg-security] use xframe middleware
2018-06-12 16:26:44,320 INFO 4552 [egg-security] use dta middleware
2018-06-12 16:26:44,320 INFO 4552 [egg-security] compose 7 middlewares into one security middleware
2018-06-12 16:26:44,331 INFO 4552 [egg:core] dump config after load, 6ms
2018-06-12 16:26:44,345 INFO 4552 [egg-watcher:app] watcher start success
2018-06-12 16:26:44,349 INFO 4552 [egg:core] dump config after ready, 3ms
2018-06-12 16:28:25,304 INFO 4564 [egg:logger] init all loggers with options: {"dir":"/Users/apple/Documents/practice/egg-example/logs/egg","encoding":"utf8","env":"local","level":"INFO","consoleLevel":"INFO","disableConsoleAfterReady":false,"outputJSON":false,"buffer":true,"appLogName":"egg-web.log","coreLogName":"egg-web.log","agentLogName":"egg-agent.log","errorLogName":"common-error.log","coreLogger":{"consoleLevel":"WARN"},"allowDebugAtProd":false,"type":"application"}
2018-06-12 16:28:25,358 INFO 4564 [egg-schedule]: register schedule /Users/apple/Documents/practice/egg-example/node_modules/egg-logrotator/app/schedule/clean_log.js
2018-06-12 16:28:25,358 INFO 4564 [egg-schedule]: register schedule /Users/apple/Documents/practice/egg-example/node_modules/egg-logrotator/app/schedule/rotate_by_file.js
2018-06-12 16:28:25,430 INFO 4564 [egg-static] starting static serve /public/ -> /Users/apple/Documents/practice/egg-example/app/public
2018-06-12 16:28:25,434 INFO 4564 [egg-security] use csrf middleware
2018-06-12 16:28:25,435 INFO 4564 [egg-security] use methodnoallow middleware
2018-06-12 16:28:25,435 INFO 4564 [egg-security] use noopen middleware
2018-06-12 16:28:25,436 INFO 4564 [egg-security] use nosniff middleware
2018-06-12 16:28:25,437 INFO 4564 [egg-security] use xssProtection middleware
2018-06-12 16:28:25,438 INFO 4564 [egg-security] use xframe middleware
2018-06-12 16:28:25,439 INFO 4564 [egg-security] use dta middleware
2018-06-12 16:28:25,439 INFO 4564 [egg-security] compose 7 middlewares into one security middleware
2018-06-12 16:28:25,451 INFO 4564 [egg:core] dump config after load, 6ms
2018-06-12 16:28:25,465 INFO 4564 [egg-watcher:app] watcher start success
2018-06-12 16:28:25,470 INFO 4564 [egg:core] dump config after ready, 3ms
2018-06-12 17:03:22,898 INFO 4703 [egg:logger] init all loggers with options: {"dir":"/Users/apple/Documents/practice/egg-example/logs/egg","encoding":"utf8","env":"local","level":"INFO","consoleLevel":"INFO","disableConsoleAfterReady":false,"outputJSON":false,"buffer":true,"appLogName":"egg-web.log","coreLogName":"egg-web.log","agentLogName":"egg-agent.log","errorLogName":"common-error.log","coreLogger":{"consoleLevel":"WARN"},"allowDebugAtProd":false,"type":"application"}
2018-06-12 17:03:22,951 INFO 4703 [egg-schedule]: register schedule /Users/apple/Documents/practice/egg-example/node_modules/egg-logrotator/app/schedule/clean_log.js
2018-06-12 17:03:22,951 INFO 4703 [egg-schedule]: register schedule /Users/apple/Documents/practice/egg-example/node_modules/egg-logrotator/app/schedule/rotate_by_file.js
2018-06-12 17:03:23,025 INFO 4703 [egg-static] starting static serve /public/ -> /Users/apple/Documents/practice/egg-example/app/public
2018-06-12 17:03:23,028 INFO 4703 [egg-security] use csrf middleware
2018-06-12 17:03:23,030 INFO 4703 [egg-security] use methodnoallow middleware
2018-06-12 17:03:23,030 INFO 4703 [egg-security] use noopen middleware
2018-06-12 17:03:23,031 INFO 4703 [egg-security] use nosniff middleware
2018-06-12 17:03:23,032 INFO 4703 [egg-security] use xssProtection middleware
2018-06-12 17:03:23,033 INFO 4703 [egg-security] use xframe middleware
2018-06-12 17:03:23,033 INFO 4703 [egg-security] use dta middleware
2018-06-12 17:03:23,033 INFO 4703 [egg-security] compose 7 middlewares into one security middleware
2018-06-12 17:03:23,045 INFO 4703 [egg:core] dump config after load, 6ms
2018-06-12 17:03:23,061 INFO 4703 [egg-watcher:app] watcher start success
2018-06-12 17:03:23,066 INFO 4703 [egg:core] dump config after ready, 3ms
2018-06-12 17:03:51,877 INFO 4704 [egg:logger] init all loggers with options: {"dir":"/Users/apple/Documents/practice/egg-example/logs/egg","encoding":"utf8","env":"local","level":"INFO","consoleLevel":"INFO","disableConsoleAfterReady":false,"outputJSON":false,"buffer":true,"appLogName":"egg-web.log","coreLogName":"egg-web.log","agentLogName":"egg-agent.log","errorLogName":"common-error.log","coreLogger":{"consoleLevel":"WARN"},"allowDebugAtProd":false,"type":"application"}
2018-06-12 17:03:51,923 INFO 4704 [egg-schedule]: register schedule /Users/apple/Documents/practice/egg-example/node_modules/egg-logrotator/app/schedule/clean_log.js
2018-06-12 17:03:51,923 INFO 4704 [egg-schedule]: register schedule /Users/apple/Documents/practice/egg-example/node_modules/egg-logrotator/app/schedule/rotate_by_file.js
2018-06-12 17:03:51,968 INFO 4704 [egg-static] starting static serve /public/ -> /Users/apple/Documents/practice/egg-example/app/public
2018-06-12 17:03:51,971 INFO 4704 [egg-security] use csrf middleware
2018-06-12 17:03:51,972 INFO 4704 [egg-security] use methodnoallow middleware
2018-06-12 17:03:51,972 INFO 4704 [egg-security] use noopen middleware
2018-06-12 17:03:51,972 INFO 4704 [egg-security] use nosniff middleware
2018-06-12 17:03:51,973 INFO 4704 [egg-security] use xssProtection middleware
2018-06-12 17:03:51,973 INFO 4704 [egg-security] use xframe middleware
2018-06-12 17:03:51,973 INFO 4704 [egg-security] use dta middleware
2018-06-12 17:03:51,973 INFO 4704 [egg-security] compose 7 middlewares into one security middleware
2018-06-12 17:03:51,985 INFO 4704 [egg:core] dump config after load, 6ms
2018-06-12 17:03:52,003 INFO 4704 [egg-watcher:app] watcher start success
2018-06-12 17:03:52,007 INFO 4704 [egg:core] dump config after ready, 3ms
2018-06-12 17:05:10,021 INFO 4715 [egg:logger] init all loggers with options: {"dir":"/Users/apple/Documents/practice/egg-example/logs/egg","encoding":"utf8","env":"local","level":"INFO","consoleLevel":"INFO","disableConsoleAfterReady":false,"outputJSON":false,"buffer":true,"appLogName":"egg-web.log","coreLogName":"egg-web.log","agentLogName":"egg-agent.log","errorLogName":"common-error.log","coreLogger":{"consoleLevel":"WARN"},"allowDebugAtProd":false,"type":"application"}
2018-06-12 17:05:10,073 INFO 4715 [egg-schedule]: register schedule /Users/apple/Documents/practice/egg-example/node_modules/egg-logrotator/app/schedule/clean_log.js
2018-06-12 17:05:10,073 INFO 4715 [egg-schedule]: register schedule /Users/apple/Documents/practice/egg-example/node_modules/egg-logrotator/app/schedule/rotate_by_file.js
2018-06-12 17:05:10,130 INFO 4715 [egg-static] starting static serve /public/ -> /Users/apple/Documents/practice/egg-example/app/public
2018-06-12 17:05:10,132 INFO 4715 [egg-security] use csrf middleware
2018-06-12 17:05:10,133 INFO 4715 [egg-security] use methodnoallow middleware
2018-06-12 17:05:10,133 INFO 4715 [egg-security] use noopen middleware
2018-06-12 17:05:10,134 INFO 4715 [egg-security] use nosniff middleware
2018-06-12 17:05:10,135 INFO 4715 [egg-security] use xssProtection middleware
2018-06-12 17:05:10,135 INFO 4715 [egg-security] use xframe middleware
2018-06-12 17:05:10,136 INFO 4715 [egg-security] use dta middleware
2018-06-12 17:05:10,136 INFO 4715 [egg-security] compose 7 middlewares into one security middleware
2018-06-12 17:05:10,147 INFO 4715 [egg:core] dump config after load, 6ms
2018-06-12 17:05:10,168 INFO 4715 [egg-watcher:app] watcher start success
2018-06-12 17:05:10,172 INFO 4715 [egg:core] dump config after ready, 3ms
2018-06-12 17:20:07,534 INFO 4751 [egg:logger] init all loggers with options: {"dir":"/Users/apple/Documents/practice/egg-example/logs/egg","encoding":"utf8","env":"local","level":"INFO","consoleLevel":"INFO","disableConsoleAfterReady":false,"outputJSON":false,"buffer":true,"appLogName":"egg-web.log","coreLogName":"egg-web.log","agentLogName":"egg-agent.log","errorLogName":"common-error.log","coreLogger":{"consoleLevel":"WARN"},"allowDebugAtProd":false,"type":"application"}
2018-06-12 17:20:07,574 INFO 4751 [egg-schedule]: register schedule /Users/apple/Documents/practice/egg-example/node_modules/egg-logrotator/app/schedule/clean_log.js
2018-06-12 17:20:07,574 INFO 4751 [egg-schedule]: register schedule /Users/apple/Documents/practice/egg-example/node_modules/egg-logrotator/app/schedule/rotate_by_file.js
2018-06-12 17:20:07,619 INFO 4751 [egg-static] starting static serve /public/ -> /Users/apple/Documents/practice/egg-example/app/public
2018-06-12 17:20:07,621 INFO 4751 [egg-security] use csrf middleware
2018-06-12 17:20:07,622 INFO 4751 [egg-security] use methodnoallow middleware
2018-06-12 17:20:07,622 INFO 4751 [egg-security] use noopen middleware
2018-06-12 17:20:07,623 INFO 4751 [egg-security] use nosniff middleware
2018-06-12 17:20:07,623 INFO 4751 [egg-security] use xssProtection middleware
2018-06-12 17:20:07,623 INFO 4751 [egg-security] use xframe middleware
2018-06-12 17:20:07,623 INFO 4751 [egg-security] use dta middleware
2018-06-12 17:20:07,623 INFO 4751 [egg-security] compose 7 middlewares into one security middleware
2018-06-12 17:20:07,632 INFO 4751 [egg:core] dump config after load, 5ms
2018-06-12 17:20:07,652 INFO 4751 [egg-watcher:app] watcher start success
2018-06-12 17:20:07,657 INFO 4751 [egg:core] dump config after ready, 3ms
2018-06-12 17:21:30,271 INFO 4752 [egg:logger] init all loggers with options: {"dir":"/Users/apple/Documents/practice/egg-example/logs/egg","encoding":"utf8","env":"local","level":"INFO","consoleLevel":"INFO","disableConsoleAfterReady":false,"outputJSON":false,"buffer":true,"appLogName":"egg-web.log","coreLogName":"egg-web.log","agentLogName":"egg-agent.log","errorLogName":"common-error.log","coreLogger":{"consoleLevel":"WARN"},"allowDebugAtProd":false,"type":"application"}
2018-06-12 17:21:30,317 INFO 4752 [egg-schedule]: register schedule /Users/apple/Documents/practice/egg-example/node_modules/egg-logrotator/app/schedule/clean_log.js
2018-06-12 17:21:30,317 INFO 4752 [egg-schedule]: register schedule /Users/apple/Documents/practice/egg-example/node_modules/egg-logrotator/app/schedule/rotate_by_file.js
2018-06-12 17:21:30,367 INFO 4752 [egg-static] starting static serve /public/ -> /Users/apple/Documents/practice/egg-example/app/public
2018-06-12 17:21:30,370 INFO 4752 [egg-security] use csrf middleware
2018-06-12 17:21:30,371 INFO 4752 [egg-security] use methodnoallow middleware
2018-06-12 17:21:30,371 INFO 4752 [egg-security] use noopen middleware
2018-06-12 17:21:30,371 INFO 4752 [egg-security] use nosniff middleware
2018-06-12 17:21:30,371 INFO 4752 [egg-security] use xssProtection middleware
2018-06-12 17:21:30,372 INFO 4752 [egg-security] use xframe middleware
2018-06-12 17:21:30,372 INFO 4752 [egg-security] use dta middleware
2018-06-12 17:21:30,372 INFO 4752 [egg-security] compose 7 middlewares into one security middleware
2018-06-12 17:21:30,384 INFO 4752 [egg:core] dump config after load, 7ms
2018-06-12 17:21:30,402 INFO 4752 [egg-watcher:app] watcher start success
2018-06-12 17:21:30,407 INFO 4752 [egg:core] dump config after ready, 4ms
2018-06-19 10:15:55,763 INFO 906 [egg:logger] init all loggers with options: {"dir":"/Users/apple/Documents/practice/egg-project/logs/egg","encoding":"utf8","env":"local","level":"INFO","consoleLevel":"INFO","disableConsoleAfterReady":false,"outputJSON":false,"buffer":true,"appLogName":"egg-web.log","coreLogName":"egg-web.log","agentLogName":"egg-agent.log","errorLogName":"common-error.log","coreLogger":{"consoleLevel":"WARN"},"allowDebugAtProd":false,"type":"application"}
2018-06-19 10:15:55,815 INFO 906 [egg-schedule]: register schedule /Users/apple/Documents/practice/egg-project/node_modules/egg-logrotator/app/schedule/clean_log.js
2018-06-19 10:15:55,815 INFO 906 [egg-schedule]: register schedule /Users/apple/Documents/practice/egg-project/node_modules/egg-logrotator/app/schedule/rotate_by_file.js
2018-06-19 10:15:55,897 INFO 906 [egg-static] starting static serve /public/ -> /Users/apple/Documents/practice/egg-project/app/public
2018-06-19 10:15:55,900 INFO 906 [egg-security] use csrf middleware
2018-06-19 10:15:55,901 INFO 906 [egg-security] use methodnoallow middleware
2018-06-19 10:15:55,901 INFO 906 [egg-security] use noopen middleware
2018-06-19 10:15:55,902 INFO 906 [egg-security] use nosniff middleware
2018-06-19 10:15:55,903 INFO 906 [egg-security] use xssProtection middleware
2018-06-19 10:15:55,904 INFO 906 [egg-security] use xframe middleware
2018-06-19 10:15:55,905 INFO 906 [egg-security] use dta middleware
2018-06-19 10:15:55,905 INFO 906 [egg-security] compose 7 middlewares into one security middleware
2018-06-19 10:15:55,916 INFO 906 [egg:core] dump config after load, 5ms
2018-06-19 10:15:55,932 INFO 906 [egg-watcher:app] watcher start success
2018-06-19 10:15:55,937 INFO 906 [egg:core] dump config after ready, 3ms
2018-06-19 10:20:42,548 INFO 1171 [egg:logger] init all loggers with options: {"dir":"/Users/apple/Documents/practice/egg-project/logs/egg","encoding":"utf8","env":"local","level":"INFO","consoleLevel":"INFO","disableConsoleAfterReady":false,"outputJSON":false,"buffer":true,"appLogName":"egg-web.log","coreLogName":"egg-web.log","agentLogName":"egg-agent.log","errorLogName":"common-error.log","coreLogger":{"consoleLevel":"WARN"},"allowDebugAtProd":false,"type":"application"}
2018-06-19 10:20:42,593 INFO 1171 [egg-schedule]: register schedule /Users/apple/Documents/practice/egg-project/node_modules/egg-logrotator/app/schedule/clean_log.js
2018-06-19 10:20:42,594 INFO 1171 [egg-schedule]: register schedule /Users/apple/Documents/practice/egg-project/node_modules/egg-logrotator/app/schedule/rotate_by_file.js
2018-06-19 10:20:42,632 INFO 1171 [egg-static] starting static serve /public/ -> /Users/apple/Documents/practice/egg-project/app/public
2018-06-19 10:20:42,635 INFO 1171 [egg-security] use csrf middleware
2018-06-19 10:20:42,636 INFO 1171 [egg-security] use methodnoallow middleware
2018-06-19 10:20:42,636 INFO 1171 [egg-security] use noopen middleware
2018-06-19 10:20:42,637 INFO 1171 [egg-security] use nosniff middleware
2018-06-19 10:20:42,637 INFO 1171 [egg-security] use xssProtection middleware
2018-06-19 10:20:42,637 INFO 1171 [egg-security] use xframe middleware
2018-06-19 10:20:42,638 INFO 1171 [egg-security] use dta middleware
2018-06-19 10:20:42,638 INFO 1171 [egg-security] compose 7 middlewares into one security middleware
2018-06-19 10:20:42,649 INFO 1171 [egg:core] dump config after load, 6ms
2018-06-19 10:20:42,668 INFO 1171 [egg-watcher:app] watcher start success
2018-06-19 10:20:42,672 INFO 1171 [egg:core] dump config after ready, 3ms
2018-08-06 10:11:25,715 INFO 1106 [egg:logger] init all loggers with options: {"dir":"/Users/apple/Documents/practice/egg-project/logs/egg","encoding":"utf8","env":"local","level":"INFO","consoleLevel":"INFO","disableConsoleAfterReady":false,"outputJSON":false,"buffer":true,"appLogName":"egg-web.log","coreLogName":"egg-web.log","agentLogName":"egg-agent.log","errorLogName":"common-error.log","coreLogger":{"consoleLevel":"WARN"},"allowDebugAtProd":false,"type":"application"}
2018-08-06 10:11:25,759 INFO 1106 [egg-schedule]: register schedule /Users/apple/Documents/practice/egg-project/node_modules/egg-logrotator/app/schedule/clean_log.js
2018-08-06 10:11:25,759 INFO 1106 [egg-schedule]: register schedule /Users/apple/Documents/practice/egg-project/node_modules/egg-logrotator/app/schedule/rotate_by_file.js
2018-08-06 10:11:25,837 INFO 1106 [egg-static] starting static serve /public/ -> /Users/apple/Documents/practice/egg-project/app/public
2018-08-06 10:11:25,841 INFO 1106 [egg-security] use csrf middleware
2018-08-06 10:11:25,842 INFO 1106 [egg-security] use methodnoallow middleware
2018-08-06 10:11:25,843 INFO 1106 [egg-security] use noopen middleware
2018-08-06 10:11:25,844 INFO 1106 [egg-security] use nosniff middleware
2018-08-06 10:11:25,844 INFO 1106 [egg-security] use xssProtection middleware
2018-08-06 10:11:25,845 INFO 1106 [egg-security] use xframe middleware
2018-08-06 10:11:25,846 INFO 1106 [egg-security] use dta middleware
2018-08-06 10:11:25,846 INFO 1106 [egg-security] compose 7 middlewares into one security middleware
2018-08-06 10:11:25,857 INFO 1106 [egg:core] dump config after load, 5ms
2018-08-06 10:11:25,875 INFO 1106 [egg-watcher:app] watcher start success
2018-08-06 10:11:25,879 INFO 1106 [egg:core] dump config after ready, 3ms
2018-08-06 10:34:39,128 INFO 1123 [egg:logger] init all loggers with options: {"dir":"/Users/apple/Documents/practice/egg-project/logs/egg","encoding":"utf8","env":"local","level":"INFO","consoleLevel":"INFO","disableConsoleAfterReady":false,"outputJSON":false,"buffer":true,"appLogName":"egg-web.log","coreLogName":"egg-web.log","agentLogName":"egg-agent.log","errorLogName":"common-error.log","coreLogger":{"consoleLevel":"WARN"},"allowDebugAtProd":false,"type":"application"}
2018-08-06 10:34:39,174 INFO 1123 [egg-schedule]: register schedule /Users/apple/Documents/practice/egg-project/node_modules/egg-logrotator/app/schedule/clean_log.js
2018-08-06 10:34:39,174 INFO 1123 [egg-schedule]: register schedule /Users/apple/Documents/practice/egg-project/node_modules/egg-logrotator/app/schedule/rotate_by_file.js
2018-08-06 10:34:39,219 INFO 1123 [egg-static] starting static serve /public/ -> /Users/apple/Documents/practice/egg-project/app/public
2018-08-06 10:34:39,223 INFO 1123 [egg-security] use csrf middleware
2018-08-06 10:34:39,224 INFO 1123 [egg-security] use methodnoallow middleware
2018-08-06 10:34:39,225 INFO 1123 [egg-security] use noopen middleware
2018-08-06 10:34:39,225 INFO 1123 [egg-security] use nosniff middleware
2018-08-06 10:34:39,225 INFO 1123 [egg-security] use xssProtection middleware
2018-08-06 10:34:39,226 INFO 1123 [egg-security] use xframe middleware
2018-08-06 10:34:39,226 INFO 1123 [egg-security] use dta middleware
2018-08-06 10:34:39,226 INFO 1123 [egg-security] compose 7 middlewares into one security middleware
2018-08-06 10:34:39,237 INFO 1123 [egg:core] dump config after load, 5ms
2018-08-06 10:34:39,254 INFO 1123 [egg-watcher:app] watcher start success
2018-08-06 10:34:39,259 INFO 1123 [egg:core] dump config after ready, 4ms
2018-08-06 10:36:05,494 INFO 1128 [egg:logger] init all loggers with options: {"dir":"/Users/apple/Documents/practice/egg-project/logs/egg","encoding":"utf8","env":"local","level":"INFO","consoleLevel":"INFO","disableConsoleAfterReady":false,"outputJSON":false,"buffer":true,"appLogName":"egg-web.log","coreLogName":"egg-web.log","agentLogName":"egg-agent.log","errorLogName":"common-error.log","coreLogger":{"consoleLevel":"WARN"},"allowDebugAtProd":false,"type":"application"}
2018-08-06 10:36:05,545 INFO 1128 [egg-schedule]: register schedule /Users/apple/Documents/practice/egg-project/node_modules/egg-logrotator/app/schedule/clean_log.js
2018-08-06 10:36:05,545 INFO 1128 [egg-schedule]: register schedule /Users/apple/Documents/practice/egg-project/node_modules/egg-logrotator/app/schedule/rotate_by_file.js
2018-08-06 10:36:05,595 INFO 1128 [egg-static] starting static serve /public/ -> /Users/apple/Documents/practice/egg-project/app/public
2018-08-06 10:36:05,598 INFO 1128 [egg-security] use csrf middleware
2018-08-06 10:36:05,599 INFO 1128 [egg-security] use methodnoallow middleware
2018-08-06 10:36:05,599 INFO 1128 [egg-security] use noopen middleware
2018-08-06 10:36:05,600 INFO 1128 [egg-security] use nosniff middleware
2018-08-06 10:36:05,600 INFO 1128 [egg-security] use xssProtection middleware
2018-08-06 10:36:05,601 INFO 1128 [egg-security] use xframe middleware
2018-08-06 10:36:05,602 INFO 1128 [egg-security] use dta middleware
2018-08-06 10:36:05,602 INFO 1128 [egg-security] compose 7 middlewares into one security middleware
2018-08-06 10:36:05,612 INFO 1128 [egg:core] dump config after load, 5ms
2018-08-06 10:36:05,632 INFO 1128 [egg-watcher:app] watcher start success
2018-08-06 10:36:05,639 INFO 1128 [egg:core] dump config after ready, 4ms
2018-08-06 10:37:53,636 INFO 1140 [egg:logger] init all loggers with options: {"dir":"/Users/apple/Documents/practice/egg-project/logs/egg","encoding":"utf8","env":"local","level":"INFO","consoleLevel":"INFO","disableConsoleAfterReady":false,"outputJSON":false,"buffer":true,"appLogName":"egg-web.log","coreLogName":"egg-web.log","agentLogName":"egg-agent.log","errorLogName":"common-error.log","coreLogger":{"consoleLevel":"WARN"},"allowDebugAtProd":false,"type":"application"}
2018-08-06 10:37:53,679 INFO 1140 [egg-schedule]: register schedule /Users/apple/Documents/practice/egg-project/node_modules/egg-logrotator/app/schedule/clean_log.js
2018-08-06 10:37:53,679 INFO 1140 [egg-schedule]: register schedule /Users/apple/Documents/practice/egg-project/node_modules/egg-logrotator/app/schedule/rotate_by_file.js
2018-08-06 10:37:53,726 INFO 1140 [egg-static] starting static serve /public/ -> /Users/apple/Documents/practice/egg-project/app/public
2018-08-06 10:37:53,729 INFO 1140 [egg-security] use csrf middleware
2018-08-06 10:37:53,730 INFO 1140 [egg-security] use methodnoallow middleware
2018-08-06 10:37:53,731 INFO 1140 [egg-security] use noopen middleware
2018-08-06 10:37:53,731 INFO 1140 [egg-security] use nosniff middleware
2018-08-06 10:37:53,731 INFO 1140 [egg-security] use xssProtection middleware
2018-08-06 10:37:53,732 INFO 1140 [egg-security] use xframe middleware
2018-08-06 10:37:53,732 INFO 1140 [egg-security] use dta middleware
2018-08-06 10:37:53,732 INFO 1140 [egg-security] compose 7 middlewares into one security middleware
2018-08-06 10:37:53,741 INFO 1140 [egg:core] dump config after load, 5ms
2018-08-06 10:37:53,758 INFO 1140 [egg-watcher:app] watcher start success
2018-08-06 10:37:53,763 INFO 1140 [egg:core] dump config after ready, 4ms
2018-08-06 10:43:53,051 INFO 1156 [egg:logger] init all loggers with options: {"dir":"/Users/apple/Documents/practice/egg-project/logs/egg","encoding":"utf8","env":"local","level":"INFO","consoleLevel":"INFO","disableConsoleAfterReady":false,"outputJSON":false,"buffer":true,"appLogName":"egg-web.log","coreLogName":"egg-web.log","agentLogName":"egg-agent.log","errorLogName":"common-error.log","coreLogger":{"consoleLevel":"WARN"},"allowDebugAtProd":false,"type":"application"}
2018-08-06 10:43:53,091 INFO 1156 [egg-schedule]: register schedule /Users/apple/Documents/practice/egg-project/node_modules/egg-logrotator/app/schedule/clean_log.js
2018-08-06 10:43:53,091 INFO 1156 [egg-schedule]: register schedule /Users/apple/Documents/practice/egg-project/node_modules/egg-logrotator/app/schedule/rotate_by_file.js
2018-08-06 10:43:53,132 INFO 1156 [egg-static] starting static serve /public/ -> /Users/apple/Documents/practice/egg-project/app/public
2018-08-06 10:43:53,135 INFO 1156 [egg-security] use csrf middleware
2018-08-06 10:43:53,136 INFO 1156 [egg-security] use methodnoallow middleware
2018-08-06 10:43:53,136 INFO 1156 [egg-security] use noopen middleware
2018-08-06 10:43:53,137 INFO 1156 [egg-security] use nosniff middleware
2018-08-06 10:43:53,138 INFO 1156 [egg-security] use xssProtection middleware
2018-08-06 10:43:53,138 INFO 1156 [egg-security] use xframe middleware
2018-08-06 10:43:53,139 INFO 1156 [egg-security] use dta middleware
2018-08-06 10:43:53,139 INFO 1156 [egg-security] compose 7 middlewares into one security middleware
2018-08-06 10:43:53,151 INFO 1156 [egg:core] dump config after load, 6ms
2018-08-06 10:43:53,169 INFO 1156 [egg-watcher:app] watcher start success
2018-08-06 10:43:53,173 INFO 1156 [egg:core] dump config after ready, 3ms
2018-08-06 10:43:58,799 INFO 1159 [egg:logger] init all loggers with options: {"dir":"/Users/apple/Documents/practice/egg-project/logs/egg","encoding":"utf8","env":"local","level":"INFO","consoleLevel":"INFO","disableConsoleAfterReady":false,"outputJSON":false,"buffer":true,"appLogName":"egg-web.log","coreLogName":"egg-web.log","agentLogName":"egg-agent.log","errorLogName":"common-error.log","coreLogger":{"consoleLevel":"WARN"},"allowDebugAtProd":false,"type":"application"}
2018-08-06 10:43:58,846 INFO 1159 [egg-schedule]: register schedule /Users/apple/Documents/practice/egg-project/node_modules/egg-logrotator/app/schedule/clean_log.js
2018-08-06 10:43:58,846 INFO 1159 [egg-schedule]: register schedule /Users/apple/Documents/practice/egg-project/node_modules/egg-logrotator/app/schedule/rotate_by_file.js
2018-08-06 10:43:58,889 INFO 1159 [egg-static] starting static serve /public/ -> /Users/apple/Documents/practice/egg-project/app/public
2018-08-06 10:43:58,892 INFO 1159 [egg-security] use csrf middleware
2018-08-06 10:43:58,892 INFO 1159 [egg-security] use methodnoallow middleware
2018-08-06 10:43:58,893 INFO 1159 [egg-security] use noopen middleware
2018-08-06 10:43:58,893 INFO 1159 [egg-security] use nosniff middleware
2018-08-06 10:43:58,894 INFO 1159 [egg-security] use xssProtection middleware
2018-08-06 10:43:58,894 INFO 1159 [egg-security] use xframe middleware
2018-08-06 10:43:58,894 INFO 1159 [egg-security] use dta middleware
2018-08-06 10:43:58,894 INFO 1159 [egg-security] compose 7 middlewares into one security middleware
2018-08-06 10:43:58,904 INFO 1159 [egg:core] dump config after load, 5ms
2018-08-06 10:43:58,921 INFO 1159 [egg-watcher:app] watcher start success
2018-08-06 10:43:58,926 INFO 1159 [egg:core] dump config after ready, 4ms
2018-08-06 10:44:57,360 INFO 1165 [egg:logger] init all loggers with options: {"dir":"/Users/apple/Documents/practice/egg-project/logs/egg","encoding":"utf8","env":"local","level":"INFO","consoleLevel":"INFO","disableConsoleAfterReady":false,"outputJSON":false,"buffer":true,"appLogName":"egg-web.log","coreLogName":"egg-web.log","agentLogName":"egg-agent.log","errorLogName":"common-error.log","coreLogger":{"consoleLevel":"WARN"},"allowDebugAtProd":false,"type":"application"}
2018-08-06 10:44:57,401 INFO 1165 [egg-schedule]: register schedule /Users/apple/Documents/practice/egg-project/node_modules/egg-logrotator/app/schedule/clean_log.js
2018-08-06 10:44:57,401 INFO 1165 [egg-schedule]: register schedule /Users/apple/Documents/practice/egg-project/node_modules/egg-logrotator/app/schedule/rotate_by_file.js
2018-08-06 10:44:57,449 INFO 1165 [egg-static] starting static serve /public/ -> /Users/apple/Documents/practice/egg-project/app/public
2018-08-06 10:44:57,451 INFO 1165 [egg-security] use csrf middleware
2018-08-06 10:44:57,452 INFO 1165 [egg-security] use methodnoallow middleware
2018-08-06 10:44:57,452 INFO 1165 [egg-security] use noopen middleware
2018-08-06 10:44:57,453 INFO 1165 [egg-security] use nosniff middleware
2018-08-06 10:44:57,453 INFO 1165 [egg-security] use xssProtection middleware
2018-08-06 10:44:57,453 INFO 1165 [egg-security] use xframe middleware
2018-08-06 10:44:57,453 INFO 1165 [egg-security] use dta middleware
2018-08-06 10:44:57,453 INFO 1165 [egg-security] compose 7 middlewares into one security middleware
2018-08-06 10:44:57,462 INFO 1165 [egg:core] dump config after load, 5ms
2018-08-06 10:44:57,479 INFO 1165 [egg-watcher:app] watcher start success
2018-08-06 10:44:57,484 INFO 1165 [egg:core] dump config after ready, 3ms
2018-08-06 10:54:48,790 INFO 1181 [egg:logger] init all loggers with options: {"dir":"/Users/apple/Documents/practice/egg-project/logs/egg","encoding":"utf8","env":"local","level":"INFO","consoleLevel":"INFO","disableConsoleAfterReady":false,"outputJSON":false,"buffer":true,"appLogName":"egg-web.log","coreLogName":"egg-web.log","agentLogName":"egg-agent.log","errorLogName":"common-error.log","coreLogger":{"consoleLevel":"WARN"},"allowDebugAtProd":false,"type":"application"}
2018-08-06 10:54:48,834 INFO 1181 [egg-schedule]: register schedule /Users/apple/Documents/practice/egg-project/node_modules/egg-logrotator/app/schedule/clean_log.js
2018-08-06 10:54:48,834 INFO 1181 [egg-schedule]: register schedule /Users/apple/Documents/practice/egg-project/node_modules/egg-logrotator/app/schedule/rotate_by_file.js
2018-08-06 10:54:48,873 INFO 1181 [egg-static] starting static serve /public/ -> /Users/apple/Documents/practice/egg-project/app/public
2018-08-06 10:54:48,875 INFO 1181 [egg-security] use csrf middleware
2018-08-06 10:54:48,876 INFO 1181 [egg-security] use methodnoallow middleware
2018-08-06 10:54:48,876 INFO 1181 [egg-security] use noopen middleware
2018-08-06 10:54:48,877 INFO 1181 [egg-security] use nosniff middleware
2018-08-06 10:54:48,877 INFO 1181 [egg-security] use xssProtection middleware
2018-08-06 10:54:48,877 INFO 1181 [egg-security] use xframe middleware
2018-08-06 10:54:48,878 INFO 1181 [egg-security] use dta middleware
2018-08-06 10:54:48,878 INFO 1181 [egg-security] compose 7 middlewares into one security middleware
2018-08-06 10:54:48,886 INFO 1181 [egg:core] dump config after load, 5ms
2018-08-06 10:54:48,904 INFO 1181 [egg-watcher:app] watcher start success
2018-08-06 10:54:48,909 INFO 1181 [egg:core] dump config after ready, 3ms
2018-08-06 10:58:58,191 INFO 1192 [egg:logger] init all loggers with options: {"dir":"/Users/apple/Documents/practice/egg-project/logs/egg","encoding":"utf8","env":"local","level":"INFO","consoleLevel":"INFO","disableConsoleAfterReady":false,"outputJSON":false,"buffer":true,"appLogName":"egg-web.log","coreLogName":"egg-web.log","agentLogName":"egg-agent.log","errorLogName":"common-error.log","coreLogger":{"consoleLevel":"WARN"},"allowDebugAtProd":false,"type":"application"}
2018-08-06 10:58:58,233 INFO 1192 [egg-schedule]: register schedule /Users/apple/Documents/practice/egg-project/node_modules/egg-logrotator/app/schedule/clean_log.js
2018-08-06 10:58:58,233 INFO 1192 [egg-schedule]: register schedule /Users/apple/Documents/practice/egg-project/node_modules/egg-logrotator/app/schedule/rotate_by_file.js
2018-08-06 10:58:58,284 INFO 1192 [egg-static] starting static serve /public/ -> /Users/apple/Documents/practice/egg-project/app/public
2018-08-06 10:58:58,287 INFO 1192 [egg-security] use csrf middleware
2018-08-06 10:58:58,288 INFO 1192 [egg-security] use methodnoallow middleware
2018-08-06 10:58:58,288 INFO 1192 [egg-security] use noopen middleware
2018-08-06 10:58:58,289 INFO 1192 [egg-security] use nosniff middleware
2018-08-06 10:58:58,290 INFO 1192 [egg-security] use xssProtection middleware
2018-08-06 10:58:58,291 INFO 1192 [egg-security] use xframe middleware
2018-08-06 10:58:58,292 INFO 1192 [egg-security] use dta middleware
2018-08-06 10:58:58,292 INFO 1192 [egg-security] compose 7 middlewares into one security middleware
2018-08-06 10:58:58,305 INFO 1192 [egg:core] dump config after load, 8ms
2018-08-06 10:58:58,327 INFO 1192 [egg-watcher:app] watcher start success
2018-08-06 10:58:58,334 INFO 1192 [egg:core] dump config after ready, 6ms
2018-08-06 11:00:08,769 INFO 1198 [egg:logger] init all loggers with options: {"dir":"/Users/apple/Documents/practice/egg-project/logs/egg","encoding":"utf8","env":"local","level":"INFO","consoleLevel":"INFO","disableConsoleAfterReady":false,"outputJSON":false,"buffer":true,"appLogName":"egg-web.log","coreLogName":"egg-web.log","agentLogName":"egg-agent.log","errorLogName":"common-error.log","coreLogger":{"consoleLevel":"WARN"},"allowDebugAtProd":false,"type":"application"}
2018-08-06 11:00:08,810 INFO 1198 [egg-schedule]: register schedule /Users/apple/Documents/practice/egg-project/node_modules/egg-logrotator/app/schedule/clean_log.js
2018-08-06 11:00:08,810 INFO 1198 [egg-schedule]: register schedule /Users/apple/Documents/practice/egg-project/node_modules/egg-logrotator/app/schedule/rotate_by_file.js
2018-08-06 11:00:08,848 INFO 1198 [egg-static] starting static serve /public/ -> /Users/apple/Documents/practice/egg-project/app/public
2018-08-06 11:00:08,851 INFO 1198 [egg-security] use csrf middleware
2018-08-06 11:00:08,852 INFO 1198 [egg-security] use methodnoallow middleware
2018-08-06 11:00:08,852 INFO 1198 [egg-security] use noopen middleware
2018-08-06 11:00:08,852 INFO 1198 [egg-security] use nosniff middleware
2018-08-06 11:00:08,853 INFO 1198 [egg-security] use xssProtection middleware
2018-08-06 11:00:08,853 INFO 1198 [egg-security] use xframe middleware
2018-08-06 11:00:08,853 INFO 1198 [egg-security] use dta middleware
2018-08-06 11:00:08,853 INFO 1198 [egg-security] compose 7 middlewares into one security middleware
2018-08-06 11:00:08,862 INFO 1198 [egg:core] dump config after load, 5ms
2018-08-06 11:00:08,879 INFO 1198 [egg-watcher:app] watcher start success
2018-08-06 11:00:08,884 INFO 1198 [egg:core] dump config after ready, 3ms
2018-08-06 11:00:30,179 INFO 1205 [egg:logger] init all loggers with options: {"dir":"/Users/apple/Documents/practice/egg-project/logs/egg","encoding":"utf8","env":"local","level":"INFO","consoleLevel":"INFO","disableConsoleAfterReady":false,"outputJSON":false,"buffer":true,"appLogName":"egg-web.log","coreLogName":"egg-web.log","agentLogName":"egg-agent.log","errorLogName":"common-error.log","coreLogger":{"consoleLevel":"WARN"},"allowDebugAtProd":false,"type":"application"}
2018-08-06 11:00:30,219 INFO 1205 [egg-schedule]: register schedule /Users/apple/Documents/practice/egg-project/node_modules/egg-logrotator/app/schedule/clean_log.js
2018-08-06 11:00:30,219 INFO 1205 [egg-schedule]: register schedule /Users/apple/Documents/practice/egg-project/node_modules/egg-logrotator/app/schedule/rotate_by_file.js
2018-08-06 11:00:30,261 INFO 1205 [egg-static] starting static serve /public/ -> /Users/apple/Documents/practice/egg-project/app/public
2018-08-06 11:00:30,265 INFO 1205 [egg-security] use csrf middleware
2018-08-06 11:00:30,266 INFO 1205 [egg-security] use methodnoallow middleware
2018-08-06 11:00:30,266 INFO 1205 [egg-security] use noopen middleware
2018-08-06 11:00:30,266 INFO 1205 [egg-security] use nosniff middleware
2018-08-06 11:00:30,267 INFO 1205 [egg-security] use xssProtection middleware
2018-08-06 11:00:30,267 INFO 1205 [egg-security] use xframe middleware
2018-08-06 11:00:30,267 INFO 1205 [egg-security] use dta middleware
2018-08-06 11:00:30,267 INFO 1205 [egg-security] compose 7 middlewares into one security middleware
2018-08-06 11:00:30,276 INFO 1205 [egg:core] dump config after load, 5ms
2018-08-06 11:00:30,300 INFO 1205 [egg-watcher:app] watcher start success
2018-08-06 11:00:30,306 INFO 1205 [egg:core] dump config after ready, 3ms
2018-08-06 11:01:23,577 INFO 1211 [egg:logger] init all loggers with options: {"dir":"/Users/apple/Documents/practice/egg-project/logs/egg","encoding":"utf8","env":"local","level":"INFO","consoleLevel":"INFO","disableConsoleAfterReady":false,"outputJSON":false,"buffer":true,"appLogName":"egg-web.log","coreLogName":"egg-web.log","agentLogName":"egg-agent.log","errorLogName":"common-error.log","coreLogger":{"consoleLevel":"WARN"},"allowDebugAtProd":false,"type":"application"}
2018-08-06 11:01:23,616 INFO 1211 [egg-schedule]: register schedule /Users/apple/Documents/practice/egg-project/node_modules/egg-logrotator/app/schedule/clean_log.js
2018-08-06 11:01:23,616 INFO 1211 [egg-schedule]: register schedule /Users/apple/Documents/practice/egg-project/node_modules/egg-logrotator/app/schedule/rotate_by_file.js
2018-08-06 11:01:23,654 INFO 1211 [egg-static] starting static serve /public/ -> /Users/apple/Documents/practice/egg-project/app/public
2018-08-06 11:01:23,656 INFO 1211 [egg-security] use csrf middleware
2018-08-06 11:01:23,657 INFO 1211 [egg-security] use methodnoallow middleware
2018-08-06 11:01:23,657 INFO 1211 [egg-security] use noopen middleware
2018-08-06 11:01:23,658 INFO 1211 [egg-security] use nosniff middleware
2018-08-06 11:01:23,658 INFO 1211 [egg-security] use xssProtection middleware
2018-08-06 11:01:23,658 INFO 1211 [egg-security] use xframe middleware
2018-08-06 11:01:23,659 INFO 1211 [egg-security] use dta middleware
2018-08-06 11:01:23,659 INFO 1211 [egg-security] compose 7 middlewares into one security middleware
2018-08-06 11:01:23,668 INFO 1211 [egg:core] dump config after load, 5ms
2018-08-06 11:01:23,686 INFO 1211 [egg-watcher:app] watcher start success
2018-08-06 11:01:23,690 INFO 1211 [egg:core] dump config after ready, 3ms
2018-08-06 11:01:26,167 INFO 1213 [egg:logger] init all loggers with options: {"dir":"/Users/apple/Documents/practice/egg-project/logs/egg","encoding":"utf8","env":"local","level":"INFO","consoleLevel":"INFO","disableConsoleAfterReady":false,"outputJSON":false,"buffer":true,"appLogName":"egg-web.log","coreLogName":"egg-web.log","agentLogName":"egg-agent.log","errorLogName":"common-error.log","coreLogger":{"consoleLevel":"WARN"},"allowDebugAtProd":false,"type":"application"}
2018-08-06 11:01:26,214 INFO 1213 [egg-schedule]: register schedule /Users/apple/Documents/practice/egg-project/node_modules/egg-logrotator/app/schedule/clean_log.js
2018-08-06 11:01:26,214 INFO 1213 [egg-schedule]: register schedule /Users/apple/Documents/practice/egg-project/node_modules/egg-logrotator/app/schedule/rotate_by_file.js
2018-08-06 11:01:26,259 INFO 1213 [egg-static] starting static serve /public/ -> /Users/apple/Documents/practice/egg-project/app/public
2018-08-06 11:01:26,262 INFO 1213 [egg-security] use csrf middleware
2018-08-06 11:01:26,263 INFO 1213 [egg-security] use methodnoallow middleware
2018-08-06 11:01:26,263 INFO 1213 [egg-security] use noopen middleware
2018-08-06 11:01:26,264 INFO 1213 [egg-security] use nosniff middleware
2018-08-06 11:01:26,264 INFO 1213 [egg-security] use xssProtection middleware
2018-08-06 11:01:26,264 INFO 1213 [egg-security] use xframe middleware
2018-08-06 11:01:26,265 INFO 1213 [egg-security] use dta middleware
2018-08-06 11:01:26,265 INFO 1213 [egg-security] compose 7 middlewares into one security middleware
2018-08-06 11:01:26,273 INFO 1213 [egg:core] dump config after load, 4ms
2018-08-06 11:01:26,289 INFO 1213 [egg-watcher:app] watcher start success
2018-08-06 11:01:26,295 INFO 1213 [egg:core] dump config after ready, 4ms
2018-08-06 11:04:53,813 INFO 1222 [egg:logger] init all loggers with options: {"dir":"/Users/apple/Documents/practice/egg-project/logs/egg","encoding":"utf8","env":"local","level":"INFO","consoleLevel":"INFO","disableConsoleAfterReady":false,"outputJSON":false,"buffer":true,"appLogName":"egg-web.log","coreLogName":"egg-web.log","agentLogName":"egg-agent.log","errorLogName":"common-error.log","coreLogger":{"consoleLevel":"WARN"},"allowDebugAtProd":false,"type":"application"}
2018-08-06 11:04:53,856 INFO 1222 [egg-schedule]: register schedule /Users/apple/Documents/practice/egg-project/node_modules/egg-logrotator/app/schedule/clean_log.js
2018-08-06 11:04:53,856 INFO 1222 [egg-schedule]: register schedule /Users/apple/Documents/practice/egg-project/node_modules/egg-logrotator/app/schedule/rotate_by_file.js
2018-08-06 11:04:53,895 INFO 1222 [egg-static] starting static serve /public/ -> /Users/apple/Documents/practice/egg-project/app/public
2018-08-06 11:04:53,897 INFO 1222 [egg-security] use csrf middleware
2018-08-06 11:04:53,898 INFO 1222 [egg-security] use methodnoallow middleware
2018-08-06 11:04:53,899 INFO 1222 [egg-security] use noopen middleware
2018-08-06 11:04:53,899 INFO 1222 [egg-security] use nosniff middleware
2018-08-06 11:04:53,899 INFO 1222 [egg-security] use xssProtection middleware
2018-08-06 11:04:53,899 INFO 1222 [egg-security] use xframe middleware
2018-08-06 11:04:53,900 INFO 1222 [egg-security] use dta middleware
2018-08-06 11:04:53,900 INFO 1222 [egg-security] compose 7 middlewares into one security middleware
2018-08-06 11:04:53,909 INFO 1222 [egg:core] dump config after load, 5ms
2018-08-06 11:04:53,925 INFO 1222 [egg-watcher:app] watcher start success
2018-08-06 11:04:53,930 INFO 1222 [egg:core] dump config after ready, 3ms
2018-08-06 11:06:11,504 INFO 1227 [egg:logger] init all loggers with options: {"dir":"/Users/apple/Documents/practice/egg-project/logs/egg","encoding":"utf8","env":"local","level":"INFO","consoleLevel":"INFO","disableConsoleAfterReady":false,"outputJSON":false,"buffer":true,"appLogName":"egg-web.log","coreLogName":"egg-web.log","agentLogName":"egg-agent.log","errorLogName":"common-error.log","coreLogger":{"consoleLevel":"WARN"},"allowDebugAtProd":false,"type":"application"}
2018-08-06 11:06:11,552 INFO 1227 [egg-schedule]: register schedule /Users/apple/Documents/practice/egg-project/node_modules/egg-logrotator/app/schedule/clean_log.js
2018-08-06 11:06:11,552 INFO 1227 [egg-schedule]: register schedule /Users/apple/Documents/practice/egg-project/node_modules/egg-logrotator/app/schedule/rotate_by_file.js
2018-08-06 11:06:11,597 INFO 1227 [egg-static] starting static serve /public/ -> /Users/apple/Documents/practice/egg-project/app/public
2018-08-06 11:06:11,599 INFO 1227 [egg-security] use csrf middleware
2018-08-06 11:06:11,600 INFO 1227 [egg-security] use methodnoallow middleware
2018-08-06 11:06:11,600 INFO 1227 [egg-security] use noopen middleware
2018-08-06 11:06:11,600 INFO 1227 [egg-security] use nosniff middleware
2018-08-06 11:06:11,601 INFO 1227 [egg-security] use xssProtection middleware
2018-08-06 11:06:11,601 INFO 1227 [egg-security] use xframe middleware
2018-08-06 11:06:11,602 INFO 1227 [egg-security] use dta middleware
2018-08-06 11:06:11,602 INFO 1227 [egg-security] compose 7 middlewares into one security middleware
2018-08-06 11:06:11,611 INFO 1227 [egg:core] dump config after load, 5ms
2018-08-06 11:06:11,629 INFO 1227 [egg-watcher:app] watcher start success
2018-08-06 11:06:11,634 INFO 1227 [egg:core] dump config after ready, 3ms
2018-08-06 11:07:46,315 INFO 1279 [egg:logger] init all loggers with options: {"dir":"/Users/apple/Documents/practice/egg-project/logs/egg","encoding":"utf8","env":"local","level":"INFO","consoleLevel":"INFO","disableConsoleAfterReady":false,"outputJSON":false,"buffer":true,"appLogName":"egg-web.log","coreLogName":"egg-web.log","agentLogName":"egg-agent.log","errorLogName":"common-error.log","coreLogger":{"consoleLevel":"WARN"},"allowDebugAtProd":false,"type":"application"}
2018-08-06 11:07:46,355 INFO 1279 [egg-schedule]: register schedule /Users/apple/Documents/practice/egg-project/node_modules/egg-logrotator/app/schedule/clean_log.js
2018-08-06 11:07:46,355 INFO 1279 [egg-schedule]: register schedule /Users/apple/Documents/practice/egg-project/node_modules/egg-logrotator/app/schedule/rotate_by_file.js
2018-08-06 11:07:46,392 INFO 1279 [egg-static] starting static serve /public/ -> /Users/apple/Documents/practice/egg-project/app/public
2018-08-06 11:07:46,395 INFO 1279 [egg-security] use csrf middleware
2018-08-06 11:07:46,395 INFO 1279 [egg-security] use methodnoallow middleware
2018-08-06 11:07:46,396 INFO 1279 [egg-security] use noopen middleware
2018-08-06 11:07:46,396 INFO 1279 [egg-security] use nosniff middleware
2018-08-06 11:07:46,396 INFO 1279 [egg-security] use xssProtection middleware
2018-08-06 11:07:46,396 INFO 1279 [egg-security] use xframe middleware
2018-08-06 11:07:46,397 INFO 1279 [egg-security] use dta middleware
2018-08-06 11:07:46,397 INFO 1279 [egg-security] compose 7 middlewares into one security middleware
2018-08-06 11:07:46,407 INFO 1279 [egg:core] dump config after load, 6ms
2018-08-06 11:07:46,427 INFO 1279 [egg-watcher:app] watcher start success
2018-08-06 11:07:46,431 INFO 1279 [egg:core] dump config after ready, 3ms
2018-08-06 11:25:46,003 WARN 1279 [ClusterClient:Watcher] follower closed, and try to init it again
2018-08-06 13:10:25,537 WARN 1279 [ClusterClient:Watcher] follower closed, and try to init it again
2018-08-06 16:09:29,757 INFO 4103 [egg:logger] init all loggers with options: {"dir":"/Users/apple/Documents/practice/egg-project/logs/egg","encoding":"utf8","env":"local","level":"INFO","consoleLevel":"INFO","disableConsoleAfterReady":false,"outputJSON":false,"buffer":true,"appLogName":"egg-web.log","coreLogName":"egg-web.log","agentLogName":"egg-agent.log","errorLogName":"common-error.log","coreLogger":{"consoleLevel":"WARN"},"allowDebugAtProd":false,"type":"application"}
2018-08-06 16:09:29,807 INFO 4103 [egg-schedule]: register schedule /Users/apple/Documents/practice/egg-project/node_modules/egg-logrotator/app/schedule/clean_log.js
2018-08-06 16:09:29,807 INFO 4103 [egg-schedule]: register schedule /Users/apple/Documents/practice/egg-project/node_modules/egg-logrotator/app/schedule/rotate_by_file.js
2018-08-06 16:09:29,881 INFO 4103 [egg-static] starting static serve /public/ -> /Users/apple/Documents/practice/egg-project/app/public
2018-08-06 16:09:29,885 INFO 4103 [egg-security] use csrf middleware
2018-08-06 16:09:29,886 INFO 4103 [egg-security] use methodnoallow middleware
2018-08-06 16:09:29,886 INFO 4103 [egg-security] use noopen middleware
2018-08-06 16:09:29,887 INFO 4103 [egg-security] use nosniff middleware
2018-08-06 16:09:29,888 INFO 4103 [egg-security] use xssProtection middleware
2018-08-06 16:09:29,888 INFO 4103 [egg-security] use xframe middleware
2018-08-06 16:09:29,889 INFO 4103 [egg-security] use dta middleware
2018-08-06 16:09:29,889 INFO 4103 [egg-security] compose 7 middlewares into one security middleware
2018-08-06 16:09:29,902 INFO 4103 [egg:core] dump config after load, 6ms
2018-08-06 16:09:29,919 INFO 4103 [egg-watcher:app] watcher start success
2018-08-06 16:09:29,924 INFO 4103 [egg:core] dump config after ready, 3ms
2018-08-06 16:12:16,817 INFO 4131 [egg:logger] init all loggers with options: {"dir":"/Users/apple/Documents/practice/egg-project/logs/egg","encoding":"utf8","env":"local","level":"INFO","consoleLevel":"INFO","disableConsoleAfterReady":false,"outputJSON":false,"buffer":true,"appLogName":"egg-web.log","coreLogName":"egg-web.log","agentLogName":"egg-agent.log","errorLogName":"common-error.log","coreLogger":{"consoleLevel":"WARN"},"allowDebugAtProd":false,"type":"application"}
2018-08-06 16:12:16,865 INFO 4131 [egg-schedule]: register schedule /Users/apple/Documents/practice/egg-project/node_modules/egg-logrotator/app/schedule/clean_log.js
2018-08-06 16:12:16,865 INFO 4131 [egg-schedule]: register schedule /Users/apple/Documents/practice/egg-project/node_modules/egg-logrotator/app/schedule/rotate_by_file.js
2018-08-06 16:12:16,924 INFO 4131 [egg-static] starting static serve /public/ -> /Users/apple/Documents/practice/egg-project/app/public
2018-08-06 16:12:16,927 INFO 4131 [egg-security] use csrf middleware
2018-08-06 16:12:16,928 INFO 4131 [egg-security] use methodnoallow middleware
2018-08-06 16:12:16,928 INFO 4131 [egg-security] use noopen middleware
2018-08-06 16:12:16,929 INFO 4131 [egg-security] use nosniff middleware
2018-08-06 16:12:16,929 INFO 4131 [egg-security] use xssProtection middleware
2018-08-06 16:12:16,929 INFO 4131 [egg-security] use xframe middleware
2018-08-06 16:12:16,930 INFO 4131 [egg-security] use dta middleware
2018-08-06 16:12:16,930 INFO 4131 [egg-security] compose 7 middlewares into one security middleware
2018-08-06 16:12:16,945 INFO 4131 [egg:core] dump config after load, 10ms
2018-08-06 16:12:16,961 INFO 4131 [egg-watcher:app] watcher start success
2018-08-06 16:12:16,966 INFO 4131 [egg:core] dump config after ready, 3ms
2018-08-06 16:13:22,113 INFO 4136 [egg:logger] init all loggers with options: {"dir":"/Users/apple/Documents/practice/egg-project/logs/egg","encoding":"utf8","env":"local","level":"INFO","consoleLevel":"INFO","disableConsoleAfterReady":false,"outputJSON":false,"buffer":true,"appLogName":"egg-web.log","coreLogName":"egg-web.log","agentLogName":"egg-agent.log","errorLogName":"common-error.log","coreLogger":{"consoleLevel":"WARN"},"allowDebugAtProd":false,"type":"application"}
2018-08-06 16:13:22,158 INFO 4136 [egg-schedule]: register schedule /Users/apple/Documents/practice/egg-project/node_modules/egg-logrotator/app/schedule/clean_log.js
2018-08-06 16:13:22,158 INFO 4136 [egg-schedule]: register schedule /Users/apple/Documents/practice/egg-project/node_modules/egg-logrotator/app/schedule/rotate_by_file.js
2018-08-06 16:13:22,197 INFO 4136 [egg-static] starting static serve /public/ -> /Users/apple/Documents/practice/egg-project/app/public
2018-08-06 16:13:22,200 INFO 4136 [egg-security] use csrf middleware
2018-08-06 16:13:22,201 INFO 4136 [egg-security] use methodnoallow middleware
2018-08-06 16:13:22,201 INFO 4136 [egg-security] use noopen middleware
2018-08-06 16:13:22,201 INFO 4136 [egg-security] use nosniff middleware
2018-08-06 16:13:22,202 INFO 4136 [egg-security] use xssProtection middleware
2018-08-06 16:13:22,202 INFO 4136 [egg-security] use xframe middleware
2018-08-06 16:13:22,202 INFO 4136 [egg-security] use dta middleware
2018-08-06 16:13:22,202 INFO 4136 [egg-security] compose 7 middlewares into one security middleware
2018-08-06 16:13:22,212 INFO 4136 [egg:core] dump config after load, 5ms
2018-08-06 16:13:22,229 INFO 4136 [egg-watcher:app] watcher start success
2018-08-06 16:13:22,234 INFO 4136 [egg:core] dump config after ready, 3ms
2018-08-06 18:41:27,775 INFO 7005 [egg:logger] init all loggers with options: {"dir":"/Users/apple/Documents/practice/egg-project/logs/egg","encoding":"utf8","env":"local","level":"INFO","consoleLevel":"INFO","disableConsoleAfterReady":false,"outputJSON":false,"buffer":true,"appLogName":"egg-web.log","coreLogName":"egg-web.log","agentLogName":"egg-agent.log","errorLogName":"common-error.log","coreLogger":{"consoleLevel":"WARN"},"allowDebugAtProd":false,"type":"application"}
2018-08-06 18:41:27,839 INFO 7005 [egg-schedule]: register schedule /Users/apple/Documents/practice/egg-project/node_modules/egg-logrotator/app/schedule/clean_log.js
2018-08-06 18:41:27,839 INFO 7005 [egg-schedule]: register schedule /Users/apple/Documents/practice/egg-project/node_modules/egg-logrotator/app/schedule/rotate_by_file.js
2018-08-06 18:41:27,917 INFO 7005 [egg-static] starting static serve /public/ -> /Users/apple/Documents/practice/egg-project/app/public
2018-08-06 18:41:27,920 INFO 7005 [egg-security] use csrf middleware
2018-08-06 18:41:27,922 INFO 7005 [egg-security] use methodnoallow middleware
2018-08-06 18:41:27,922 INFO 7005 [egg-security] use noopen middleware
2018-08-06 18:41:27,923 INFO 7005 [egg-security] use nosniff middleware
2018-08-06 18:41:27,924 INFO 7005 [egg-security] use xssProtection middleware
2018-08-06 18:41:27,924 INFO 7005 [egg-security] use xframe middleware
2018-08-06 18:41:27,925 INFO 7005 [egg-security] use dta middleware
2018-08-06 18:41:27,925 INFO 7005 [egg-security] compose 7 middlewares into one security middleware
2018-08-06 18:41:27,936 INFO 7005 [egg:core] dump config after load, 5ms
2018-08-06 18:41:27,950 INFO 7005 [egg-watcher:app] watcher start success
2018-08-06 18:41:27,955 INFO 7005 [egg:core] dump config after ready, 4ms
2018-08-06 18:50:20,418 INFO 7011 [egg:logger] init all loggers with options: {"dir":"/Users/apple/Documents/practice/egg-project/logs/egg","encoding":"utf8","env":"local","level":"INFO","consoleLevel":"INFO","disableConsoleAfterReady":false,"outputJSON":false,"buffer":true,"appLogName":"egg-web.log","coreLogName":"egg-web.log","agentLogName":"egg-agent.log","errorLogName":"common-error.log","coreLogger":{"consoleLevel":"WARN"},"allowDebugAtProd":false,"type":"application"}
2018-08-06 18:50:20,458 INFO 7011 [egg-schedule]: register schedule /Users/apple/Documents/practice/egg-project/node_modules/egg-logrotator/app/schedule/clean_log.js
2018-08-06 18:50:20,458 INFO 7011 [egg-schedule]: register schedule /Users/apple/Documents/practice/egg-project/node_modules/egg-logrotator/app/schedule/rotate_by_file.js
2018-08-06 18:50:20,502 INFO 7011 [egg-static] starting static serve /public/ -> /Users/apple/Documents/practice/egg-project/app/public
2018-08-06 18:50:20,505 INFO 7011 [egg-security] use csrf middleware
2018-08-06 18:50:20,506 INFO 7011 [egg-security] use methodnoallow middleware
2018-08-06 18:50:20,506 INFO 7011 [egg-security] use noopen middleware
2018-08-06 18:50:20,506 INFO 7011 [egg-security] use nosniff middleware
2018-08-06 18:50:20,507 INFO 7011 [egg-security] use xssProtection middleware
2018-08-06 18:50:20,507 INFO 7011 [egg-security] use xframe middleware
2018-08-06 18:50:20,508 INFO 7011 [egg-security] use dta middleware
2018-08-06 18:50:20,508 INFO 7011 [egg-security] compose 7 middlewares into one security middleware
2018-08-06 18:50:20,520 INFO 7011 [egg:core] dump config after load, 6ms
2018-08-06 18:50:20,536 INFO 7011 [egg-watcher:app] watcher start success
2018-08-06 18:50:20,541 INFO 7011 [egg:core] dump config after ready, 3ms
2018-08-06 18:51:19,569 INFO 7018 [egg:logger] init all loggers with options: {"dir":"/Users/apple/Documents/practice/egg-project/logs/egg","encoding":"utf8","env":"local","level":"INFO","consoleLevel":"INFO","disableConsoleAfterReady":false,"outputJSON":false,"buffer":true,"appLogName":"egg-web.log","coreLogName":"egg-web.log","agentLogName":"egg-agent.log","errorLogName":"common-error.log","coreLogger":{"consoleLevel":"WARN"},"allowDebugAtProd":false,"type":"application"}
2018-08-06 18:51:19,604 INFO 7018 [egg-schedule]: register schedule /Users/apple/Documents/practice/egg-project/node_modules/egg-logrotator/app/schedule/clean_log.js
2018-08-06 18:51:19,604 INFO 7018 [egg-schedule]: register schedule /Users/apple/Documents/practice/egg-project/node_modules/egg-logrotator/app/schedule/rotate_by_file.js
2018-08-06 18:51:19,649 INFO 7018 [egg-static] starting static serve /public/ -> /Users/apple/Documents/practice/egg-project/app/public
2018-08-06 18:51:19,652 INFO 7018 [egg-security] use csrf middleware
2018-08-06 18:51:19,653 INFO 7018 [egg-security] use methodnoallow middleware
2018-08-06 18:51:19,653 INFO 7018 [egg-security] use noopen middleware
2018-08-06 18:51:19,654 INFO 7018 [egg-security] use nosniff middleware
2018-08-06 18:51:19,654 INFO 7018 [egg-security] use xssProtection middleware
2018-08-06 18:51:19,655 INFO 7018 [egg-security] use xframe middleware
2018-08-06 18:51:19,655 INFO 7018 [egg-security] use dta middleware
2018-08-06 18:51:19,655 INFO 7018 [egg-security] compose 7 middlewares into one security middleware
2018-08-06 18:51:19,669 INFO 7018 [egg:core] dump config after load, 8ms
2018-08-06 18:51:19,686 INFO 7018 [egg-watcher:app] watcher start success
2018-08-06 18:51:19,692 INFO 7018 [egg:core] dump config after ready, 5ms
2018-08-06 18:56:21,829 INFO 7029 [egg:logger] init all loggers with options: {"dir":"/Users/apple/Documents/practice/egg-project/logs/egg","encoding":"utf8","env":"local","level":"INFO","consoleLevel":"INFO","disableConsoleAfterReady":false,"outputJSON":false,"buffer":true,"appLogName":"egg-web.log","coreLogName":"egg-web.log","agentLogName":"egg-agent.log","errorLogName":"common-error.log","coreLogger":{"consoleLevel":"WARN"},"allowDebugAtProd":false,"type":"application"}
2018-08-06 18:56:21,862 INFO 7029 [egg-schedule]: register schedule /Users/apple/Documents/practice/egg-project/node_modules/egg-logrotator/app/schedule/clean_log.js
2018-08-06 18:56:21,862 INFO 7029 [egg-schedule]: register schedule /Users/apple/Documents/practice/egg-project/node_modules/egg-logrotator/app/schedule/rotate_by_file.js
2018-08-06 18:56:21,909 INFO 7029 [egg-static] starting static serve /public/ -> /Users/apple/Documents/practice/egg-project/app/public
2018-08-06 18:56:21,912 INFO 7029 [egg-security] use csrf middleware
2018-08-06 18:56:21,912 INFO 7029 [egg-security] use methodnoallow middleware
2018-08-06 18:56:21,913 INFO 7029 [egg-security] use noopen middleware
2018-08-06 18:56:21,913 INFO 7029 [egg-security] use nosniff middleware
2018-08-06 18:56:21,913 INFO 7029 [egg-security] use xssProtection middleware
2018-08-06 18:56:21,913 INFO 7029 [egg-security] use xframe middleware
2018-08-06 18:56:21,914 INFO 7029 [egg-security] use dta middleware
2018-08-06 18:56:21,914 INFO 7029 [egg-security] compose 7 middlewares into one security middleware
2018-08-06 18:56:21,925 INFO 7029 [egg:core] dump config after load, 6ms
2018-08-06 18:56:21,943 INFO 7029 [egg-watcher:app] watcher start success
2018-08-06 18:56:21,947 INFO 7029 [egg:core] dump config after ready, 3ms
2018-08-06 18:56:54,511 INFO 7033 [egg:logger] init all loggers with options: {"dir":"/Users/apple/Documents/practice/egg-project/logs/egg","encoding":"utf8","env":"local","level":"INFO","consoleLevel":"INFO","disableConsoleAfterReady":false,"outputJSON":false,"buffer":true,"appLogName":"egg-web.log","coreLogName":"egg-web.log","agentLogName":"egg-agent.log","errorLogName":"common-error.log","coreLogger":{"consoleLevel":"WARN"},"allowDebugAtProd":false,"type":"application"}
2018-08-06 18:56:54,553 INFO 7033 [egg-schedule]: register schedule /Users/apple/Documents/practice/egg-project/node_modules/egg-logrotator/app/schedule/clean_log.js
2018-08-06 18:56:54,553 INFO 7033 [egg-schedule]: register schedule /Users/apple/Documents/practice/egg-project/node_modules/egg-logrotator/app/schedule/rotate_by_file.js
2018-08-06 18:56:54,597 INFO 7033 [egg-static] starting static serve /public/ -> /Users/apple/Documents/practice/egg-project/app/public
2018-08-06 18:56:54,599 INFO 7033 [egg-security] use csrf middleware
2018-08-06 18:56:54,600 INFO 7033 [egg-security] use methodnoallow middleware
2018-08-06 18:56:54,600 INFO 7033 [egg-security] use noopen middleware
2018-08-06 18:56:54,600 INFO 7033 [egg-security] use nosniff middleware
2018-08-06 18:56:54,601 INFO 7033 [egg-security] use xssProtection middleware
2018-08-06 18:56:54,601 INFO 7033 [egg-security] use xframe middleware
2018-08-06 18:56:54,601 INFO 7033 [egg-security] use dta middleware
2018-08-06 18:56:54,601 INFO 7033 [egg-security] compose 7 middlewares into one security middleware
2018-08-06 18:56:54,616 INFO 7033 [egg:core] dump config after load, 7ms
2018-08-06 18:56:54,631 INFO 7033 [egg-watcher:app] watcher start success
2018-08-06 18:56:54,637 INFO 7033 [egg:core] dump config after ready, 5ms
2018-08-06 18:57:20,126 INFO 7037 [egg:logger] init all loggers with options: {"dir":"/Users/apple/Documents/practice/egg-project/logs/egg","encoding":"utf8","env":"local","level":"INFO","consoleLevel":"INFO","disableConsoleAfterReady":false,"outputJSON":false,"buffer":true,"appLogName":"egg-web.log","coreLogName":"egg-web.log","agentLogName":"egg-agent.log","errorLogName":"common-error.log","coreLogger":{"consoleLevel":"WARN"},"allowDebugAtProd":false,"type":"application"}
2018-08-06 18:57:20,162 INFO 7037 [egg-schedule]: register schedule /Users/apple/Documents/practice/egg-project/node_modules/egg-logrotator/app/schedule/clean_log.js
2018-08-06 18:57:20,162 INFO 7037 [egg-schedule]: register schedule /Users/apple/Documents/practice/egg-project/node_modules/egg-logrotator/app/schedule/rotate_by_file.js
2018-08-06 18:57:20,208 INFO 7037 [egg-static] starting static serve /public/ -> /Users/apple/Documents/practice/egg-project/app/public
2018-08-06 18:57:20,210 INFO 7037 [egg-security] use csrf middleware
2018-08-06 18:57:20,211 INFO 7037 [egg-security] use methodnoallow middleware
2018-08-06 18:57:20,211 INFO 7037 [egg-security] use noopen middleware
2018-08-06 18:57:20,211 INFO 7037 [egg-security] use nosniff middleware
2018-08-06 18:57:20,211 INFO 7037 [egg-security] use xssProtection middleware
2018-08-06 18:57:20,212 INFO 7037 [egg-security] use xframe middleware
2018-08-06 18:57:20,212 INFO 7037 [egg-security] use dta middleware
2018-08-06 18:57:20,212 INFO 7037 [egg-security] compose 7 middlewares into one security middleware
2018-08-06 18:57:20,226 INFO 7037 [egg:core] dump config after load, 6ms
2018-08-06 18:57:20,243 INFO 7037 [egg-watcher:app] watcher start success
2018-08-06 18:57:20,247 INFO 7037 [egg:core] dump config after ready, 3ms
